{
    "numFailedTestSuites": 1,
    "numFailedTests": 318,
    "numPassedTestSuites": 0,
    "numPassedTests": 488,
    "numPendingTestSuites": 0,
    "numPendingTests": 0,
    "numRuntimeErrorTestSuites": 0,
    "numTodoTests": 0,
    "numTotalTestSuites": 1,
    "numTotalTests": 806,
    "openHandles": [],
    "snapshot": {
        "added": 0,
        "didUpdate": false,
        "failure": false,
        "filesAdded": 0,
        "filesRemoved": 0,
        "filesRemovedList": [],
        "filesUnmatched": 0,
        "filesUpdated": 0,
        "matched": 0,
        "total": 0,
        "unchecked": 0,
        "uncheckedKeysByFile": [],
        "unmatched": 0,
        "updated": 0
    },
    "startTime": 1591606654714,
    "success": false,
    "testResults": [
        {
            "leaks": false,
            "numFailingTests": 318,
            "numPassingTests": 488,
            "numPendingTests": 0,
            "numTodoTests": 0,
            "openHandles": [],
            "perfStats": {
                "end": 1591606660421,
                "start": 1591606655075
            },
            "skipped": false,
            "snapshot": {
                "added": 0,
                "fileDeleted": false,
                "matched": 0,
                "unchecked": 0,
                "unmatched": 0,
                "updated": 0,
                "uncheckedKeys": []
            },
            "testFilePath": "/home/yash/Desktop/nirikshak/packages/simple-example/__tests__/student/student.test.ts",
            "testResults": [
                {
                    "ancestorTitles": [
                        "student",
                        "1",
                        "GET;;0;;/Student/{resource:id};;POSITIVE--GET;;0;;/Student/{resource:id};;POSITIVE"
                    ],
                    "duration": 7,
                    "failureMessages": [],
                    "fullName": "student 1 GET;;0;;/Student/{resource:id};;POSITIVE--GET;;0;;/Student/{resource:id};;POSITIVE 0::GET;;0;;/Student/{resource:id};;POSITIVE",
                    "location": null,
                    "numPassingAsserts": 0,
                    "status": "passed",
                    "title": "0::GET;;0;;/Student/{resource:id};;POSITIVE"
                },
                {
                    "ancestorTitles": [
                        "student",
                        "1",
                        "GET;;0;;/Student/{resource:id};;POSITIVE--GET;;0;;/Student/{resource:id};;POSITIVE"
                    ],
                    "duration": 2,
                    "failureMessages": [],
                    "fullName": "student 1 GET;;0;;/Student/{resource:id};;POSITIVE--GET;;0;;/Student/{resource:id};;POSITIVE 1::GET;;0;;/Student/{resource:id};;POSITIVE",
                    "location": null,
                    "numPassingAsserts": 0,
                    "status": "passed",
                    "title": "1::GET;;0;;/Student/{resource:id};;POSITIVE"
                },
                {
                    "ancestorTitles": [
                        "student",
                        "1",
                        "GET;;0;;/Student/{resource:id};;POSITIVE--GET;;1;;/Student/{resource:id}/v1;;POSITIVE"
                    ],
                    "duration": 2,
                    "failureMessages": [],
                    "fullName": "student 1 GET;;0;;/Student/{resource:id};;POSITIVE--GET;;1;;/Student/{resource:id}/v1;;POSITIVE 0::GET;;0;;/Student/{resource:id};;POSITIVE",
                    "location": null,
                    "numPassingAsserts": 0,
                    "status": "passed",
                    "title": "0::GET;;0;;/Student/{resource:id};;POSITIVE"
                },
                {
                    "ancestorTitles": [
                        "student",
                        "1",
                        "GET;;0;;/Student/{resource:id};;POSITIVE--GET;;1;;/Student/{resource:id}/v1;;POSITIVE"
                    ],
                    "duration": 3,
                    "failureMessages": [
                        "Error: Status mismatch: Expected 200,500 got 201\n    at Object.<anonymous> (/home/yash/Desktop/nirikshak/packages/simple-example/__tests__/student/student.test.ts:112:53)\n    at processTicksAndRejections (internal/process/task_queues.js:97:5)"
                    ],
                    "fullName": "student 1 GET;;0;;/Student/{resource:id};;POSITIVE--GET;;1;;/Student/{resource:id}/v1;;POSITIVE 1::GET;;1;;/Student/{resource:id}/v1;;POSITIVE",
                    "location": null,
                    "numPassingAsserts": 0,
                    "status": "failed",
                    "title": "1::GET;;1;;/Student/{resource:id}/v1;;POSITIVE"
                },
                {
                    "ancestorTitles": [
                        "student",
                        "1",
                        "GET;;0;;/Student/{resource:id};;POSITIVE--DELETE;;0;;/Student/{resource:id};;POSITIVE"
                    ],
                    "duration": 2,
                    "failureMessages": [],
                    "fullName": "student 1 GET;;0;;/Student/{resource:id};;POSITIVE--DELETE;;0;;/Student/{resource:id};;POSITIVE 0::GET;;0;;/Student/{resource:id};;POSITIVE",
                    "location": null,
                    "numPassingAsserts": 0,
                    "status": "passed",
                    "title": "0::GET;;0;;/Student/{resource:id};;POSITIVE"
                },
                {
                    "ancestorTitles": [
                        "student",
                        "1",
                        "GET;;0;;/Student/{resource:id};;POSITIVE--DELETE;;0;;/Student/{resource:id};;POSITIVE"
                    ],
                    "duration": 2,
                    "failureMessages": [
                        "Error: Response bodies did not match\n    at Object.<anonymous> (/home/yash/Desktop/nirikshak/packages/simple-example/__tests__/student/student.test.ts:144:48)\n    at processTicksAndRejections (internal/process/task_queues.js:97:5)"
                    ],
                    "fullName": "student 1 GET;;0;;/Student/{resource:id};;POSITIVE--DELETE;;0;;/Student/{resource:id};;POSITIVE 1::DELETE;;0;;/Student/{resource:id};;POSITIVE",
                    "location": null,
                    "numPassingAsserts": 0,
                    "status": "failed",
                    "title": "1::DELETE;;0;;/Student/{resource:id};;POSITIVE"
                },
                {
                    "ancestorTitles": [
                        "student",
                        "1",
                        "GET;;0;;/Student/{resource:id};;POSITIVE--DELETE;;1;;/Student/{resource:id}/v4;;POSITIVE"
                    ],
                    "duration": 1,
                    "failureMessages": [],
                    "fullName": "student 1 GET;;0;;/Student/{resource:id};;POSITIVE--DELETE;;1;;/Student/{resource:id}/v4;;POSITIVE 0::GET;;0;;/Student/{resource:id};;POSITIVE",
                    "location": null,
                    "numPassingAsserts": 0,
                    "status": "passed",
                    "title": "0::GET;;0;;/Student/{resource:id};;POSITIVE"
                },
                {
                    "ancestorTitles": [
                        "student",
                        "1",
                        "GET;;0;;/Student/{resource:id};;POSITIVE--DELETE;;1;;/Student/{resource:id}/v4;;POSITIVE"
                    ],
                    "duration": 2,
                    "failureMessages": [],
                    "fullName": "student 1 GET;;0;;/Student/{resource:id};;POSITIVE--DELETE;;1;;/Student/{resource:id}/v4;;POSITIVE 1::DELETE;;1;;/Student/{resource:id}/v4;;POSITIVE",
                    "location": null,
                    "numPassingAsserts": 0,
                    "status": "passed",
                    "title": "1::DELETE;;1;;/Student/{resource:id}/v4;;POSITIVE"
                },
                {
                    "ancestorTitles": [
                        "student",
                        "1",
                        "GET;;0;;/Student/{resource:id};;POSITIVE--POST;;0;;/Student;;NEGATIVE"
                    ],
                    "duration": 1,
                    "failureMessages": [],
                    "fullName": "student 1 GET;;0;;/Student/{resource:id};;POSITIVE--POST;;0;;/Student;;NEGATIVE 0::GET;;0;;/Student/{resource:id};;POSITIVE",
                    "location": null,
                    "numPassingAsserts": 0,
                    "status": "passed",
                    "title": "0::GET;;0;;/Student/{resource:id};;POSITIVE"
                },
                {
                    "ancestorTitles": [
                        "student",
                        "1",
                        "GET;;0;;/Student/{resource:id};;POSITIVE--POST;;0;;/Student;;NEGATIVE"
                    ],
                    "duration": 4,
                    "failureMessages": [
                        "Error: Status mismatch: Expected 409,200,201,202,210 got 400\n    at Object.<anonymous> (/home/yash/Desktop/nirikshak/packages/simple-example/__tests__/student/student.test.ts:112:53)\n    at processTicksAndRejections (internal/process/task_queues.js:97:5)"
                    ],
                    "fullName": "student 1 GET;;0;;/Student/{resource:id};;POSITIVE--POST;;0;;/Student;;NEGATIVE 1::POST;;0;;/Student;;NEGATIVE",
                    "location": null,
                    "numPassingAsserts": 0,
                    "status": "failed",
                    "title": "1::POST;;0;;/Student;;NEGATIVE"
                },
                {
                    "ancestorTitles": [
                        "student",
                        "1",
                        "GET;;0;;/Student/{resource:id};;POSITIVE--POST;;1;;/Student/{resource:id};;NEGATIVE"
                    ],
                    "duration": 1,
                    "failureMessages": [],
                    "fullName": "student 1 GET;;0;;/Student/{resource:id};;POSITIVE--POST;;1;;/Student/{resource:id};;NEGATIVE 0::GET;;0;;/Student/{resource:id};;POSITIVE",
                    "location": null,
                    "numPassingAsserts": 0,
                    "status": "passed",
                    "title": "0::GET;;0;;/Student/{resource:id};;POSITIVE"
                },
                {
                    "ancestorTitles": [
                        "student",
                        "1",
                        "GET;;0;;/Student/{resource:id};;POSITIVE--POST;;1;;/Student/{resource:id};;NEGATIVE"
                    ],
                    "duration": 2,
                    "failureMessages": [],
                    "fullName": "student 1 GET;;0;;/Student/{resource:id};;POSITIVE--POST;;1;;/Student/{resource:id};;NEGATIVE 1::POST;;1;;/Student/{resource:id};;NEGATIVE",
                    "location": null,
                    "numPassingAsserts": 0,
                    "status": "passed",
                    "title": "1::POST;;1;;/Student/{resource:id};;NEGATIVE"
                },
                {
                    "ancestorTitles": [
                        "student",
                        "1",
                        "GET;;0;;/Student/{resource:id};;POSITIVE--PATCH;;0;;/Student/{resource:id};;POSITIVE"
                    ],
                    "duration": 1,
                    "failureMessages": [],
                    "fullName": "student 1 GET;;0;;/Student/{resource:id};;POSITIVE--PATCH;;0;;/Student/{resource:id};;POSITIVE 0::GET;;0;;/Student/{resource:id};;POSITIVE",
                    "location": null,
                    "numPassingAsserts": 0,
                    "status": "passed",
                    "title": "0::GET;;0;;/Student/{resource:id};;POSITIVE"
                },
                {
                    "ancestorTitles": [
                        "student",
                        "1",
                        "GET;;0;;/Student/{resource:id};;POSITIVE--PATCH;;0;;/Student/{resource:id};;POSITIVE"
                    ],
                    "duration": 3,
                    "failureMessages": [],
                    "fullName": "student 1 GET;;0;;/Student/{resource:id};;POSITIVE--PATCH;;0;;/Student/{resource:id};;POSITIVE 1::PATCH;;0;;/Student/{resource:id};;POSITIVE",
                    "location": null,
                    "numPassingAsserts": 0,
                    "status": "passed",
                    "title": "1::PATCH;;0;;/Student/{resource:id};;POSITIVE"
                },
                {
                    "ancestorTitles": [
                        "student",
                        "1",
                        "GET;;0;;/Student/{resource:id};;POSITIVE--PATCH;;0;;/Student/{resource:id};;DESTRUCTIVE"
                    ],
                    "duration": 1,
                    "failureMessages": [],
                    "fullName": "student 1 GET;;0;;/Student/{resource:id};;POSITIVE--PATCH;;0;;/Student/{resource:id};;DESTRUCTIVE 0::GET;;0;;/Student/{resource:id};;POSITIVE",
                    "location": null,
                    "numPassingAsserts": 0,
                    "status": "passed",
                    "title": "0::GET;;0;;/Student/{resource:id};;POSITIVE"
                },
                {
                    "ancestorTitles": [
                        "student",
                        "1",
                        "GET;;0;;/Student/{resource:id};;POSITIVE--PATCH;;0;;/Student/{resource:id};;DESTRUCTIVE"
                    ],
                    "duration": 3,
                    "failureMessages": [
                        "Error: Status mismatch: Expected 400 got 500\n    at Object.<anonymous> (/home/yash/Desktop/nirikshak/packages/simple-example/__tests__/student/student.test.ts:112:53)\n    at processTicksAndRejections (internal/process/task_queues.js:97:5)"
                    ],
                    "fullName": "student 1 GET;;0;;/Student/{resource:id};;POSITIVE--PATCH;;0;;/Student/{resource:id};;DESTRUCTIVE 1::PATCH;;0;;/Student/{resource:id};;DESTRUCTIVE",
                    "location": null,
                    "numPassingAsserts": 0,
                    "status": "failed",
                    "title": "1::PATCH;;0;;/Student/{resource:id};;DESTRUCTIVE"
                },
                {
                    "ancestorTitles": [
                        "student",
                        "1",
                        "GET;;0;;/Student/{resource:id};;POSITIVE--PUT;;0;;/Student;;POSITIVE"
                    ],
                    "duration": 1,
                    "failureMessages": [],
                    "fullName": "student 1 GET;;0;;/Student/{resource:id};;POSITIVE--PUT;;0;;/Student;;POSITIVE 0::GET;;0;;/Student/{resource:id};;POSITIVE",
                    "location": null,
                    "numPassingAsserts": 0,
                    "status": "passed",
                    "title": "0::GET;;0;;/Student/{resource:id};;POSITIVE"
                },
                {
                    "ancestorTitles": [
                        "student",
                        "1",
                        "GET;;0;;/Student/{resource:id};;POSITIVE--PUT;;0;;/Student;;POSITIVE"
                    ],
                    "duration": 3,
                    "failureMessages": [],
                    "fullName": "student 1 GET;;0;;/Student/{resource:id};;POSITIVE--PUT;;0;;/Student;;POSITIVE 1::PUT;;0;;/Student;;POSITIVE",
                    "location": null,
                    "numPassingAsserts": 0,
                    "status": "passed",
                    "title": "1::PUT;;0;;/Student;;POSITIVE"
                },
                {
                    "ancestorTitles": [
                        "student",
                        "1",
                        "GET;;0;;/Student/{resource:id};;POSITIVE--PUT;;0;;/Student;;DESTRUCTIVE"
                    ],
                    "duration": 1,
                    "failureMessages": [],
                    "fullName": "student 1 GET;;0;;/Student/{resource:id};;POSITIVE--PUT;;0;;/Student;;DESTRUCTIVE 0::GET;;0;;/Student/{resource:id};;POSITIVE",
                    "location": null,
                    "numPassingAsserts": 0,
                    "status": "passed",
                    "title": "0::GET;;0;;/Student/{resource:id};;POSITIVE"
                },
                {
                    "ancestorTitles": [
                        "student",
                        "1",
                        "GET;;0;;/Student/{resource:id};;POSITIVE--PUT;;0;;/Student;;DESTRUCTIVE"
                    ],
                    "duration": 2,
                    "failureMessages": [],
                    "fullName": "student 1 GET;;0;;/Student/{resource:id};;POSITIVE--PUT;;0;;/Student;;DESTRUCTIVE 1::PUT;;0;;/Student;;DESTRUCTIVE",
                    "location": null,
                    "numPassingAsserts": 0,
                    "status": "passed",
                    "title": "1::PUT;;0;;/Student;;DESTRUCTIVE"
                },
                {
                    "ancestorTitles": [
                        "student",
                        "1",
                        "GET;;0;;/Student/{resource:id};;POSITIVE--PUT;;1;;/Student/{resource:id};;POSITIVE"
                    ],
                    "duration": 1,
                    "failureMessages": [],
                    "fullName": "student 1 GET;;0;;/Student/{resource:id};;POSITIVE--PUT;;1;;/Student/{resource:id};;POSITIVE 0::GET;;0;;/Student/{resource:id};;POSITIVE",
                    "location": null,
                    "numPassingAsserts": 0,
                    "status": "passed",
                    "title": "0::GET;;0;;/Student/{resource:id};;POSITIVE"
                },
                {
                    "ancestorTitles": [
                        "student",
                        "1",
                        "GET;;0;;/Student/{resource:id};;POSITIVE--PUT;;1;;/Student/{resource:id};;POSITIVE"
                    ],
                    "duration": 2,
                    "failureMessages": [
                        "Error: Response bodies did not match\n    at Object.<anonymous> (/home/yash/Desktop/nirikshak/packages/simple-example/__tests__/student/student.test.ts:144:48)\n    at runMicrotasks (<anonymous>)\n    at processTicksAndRejections (internal/process/task_queues.js:97:5)"
                    ],
                    "fullName": "student 1 GET;;0;;/Student/{resource:id};;POSITIVE--PUT;;1;;/Student/{resource:id};;POSITIVE 1::PUT;;1;;/Student/{resource:id};;POSITIVE",
                    "location": null,
                    "numPassingAsserts": 0,
                    "status": "failed",
                    "title": "1::PUT;;1;;/Student/{resource:id};;POSITIVE"
                },
                {
                    "ancestorTitles": [
                        "student",
                        "1",
                        "GET;;0;;/Student/{resource:id};;POSITIVE--PUT;;1;;/Student/{resource:id};;DESTRUCTIVE"
                    ],
                    "duration": 2,
                    "failureMessages": [],
                    "fullName": "student 1 GET;;0;;/Student/{resource:id};;POSITIVE--PUT;;1;;/Student/{resource:id};;DESTRUCTIVE 0::GET;;0;;/Student/{resource:id};;POSITIVE",
                    "location": null,
                    "numPassingAsserts": 0,
                    "status": "passed",
                    "title": "0::GET;;0;;/Student/{resource:id};;POSITIVE"
                },
                {
                    "ancestorTitles": [
                        "student",
                        "1",
                        "GET;;0;;/Student/{resource:id};;POSITIVE--PUT;;1;;/Student/{resource:id};;DESTRUCTIVE"
                    ],
                    "duration": 1,
                    "failureMessages": [],
                    "fullName": "student 1 GET;;0;;/Student/{resource:id};;POSITIVE--PUT;;1;;/Student/{resource:id};;DESTRUCTIVE 1::PUT;;1;;/Student/{resource:id};;DESTRUCTIVE",
                    "location": null,
                    "numPassingAsserts": 0,
                    "status": "passed",
                    "title": "1::PUT;;1;;/Student/{resource:id};;DESTRUCTIVE"
                },
                {
                    "ancestorTitles": [
                        "student",
                        "1",
                        "GET;;0;;/Student/{resource:id};;NEGATIVE--GET;;0;;/Student/{resource:id};;NEGATIVE"
                    ],
                    "duration": 2,
                    "failureMessages": [
                        "Error: Status mismatch: Expected 404 got 400\n    at Object.<anonymous> (/home/yash/Desktop/nirikshak/packages/simple-example/__tests__/student/student.test.ts:112:53)\n    at runMicrotasks (<anonymous>)\n    at processTicksAndRejections (internal/process/task_queues.js:97:5)"
                    ],
                    "fullName": "student 1 GET;;0;;/Student/{resource:id};;NEGATIVE--GET;;0;;/Student/{resource:id};;NEGATIVE 0::GET;;0;;/Student/{resource:id};;NEGATIVE",
                    "location": null,
                    "numPassingAsserts": 0,
                    "status": "failed",
                    "title": "0::GET;;0;;/Student/{resource:id};;NEGATIVE"
                },
                {
                    "ancestorTitles": [
                        "student",
                        "1",
                        "GET;;0;;/Student/{resource:id};;NEGATIVE--GET;;0;;/Student/{resource:id};;NEGATIVE"
                    ],
                    "duration": 0,
                    "failureMessages": [],
                    "fullName": "student 1 GET;;0;;/Student/{resource:id};;NEGATIVE--GET;;0;;/Student/{resource:id};;NEGATIVE 1::GET;;0;;/Student/{resource:id};;NEGATIVE",
                    "location": null,
                    "numPassingAsserts": 0,
                    "status": "passed",
                    "title": "1::GET;;0;;/Student/{resource:id};;NEGATIVE"
                },
                {
                    "ancestorTitles": [
                        "student",
                        "1",
                        "GET;;0;;/Student/{resource:id};;NEGATIVE--GET;;1;;/Student/{resource:id}/v1;;NEGATIVE"
                    ],
                    "duration": 2,
                    "failureMessages": [
                        "Error: Status mismatch: Expected 404 got 400\n    at Object.<anonymous> (/home/yash/Desktop/nirikshak/packages/simple-example/__tests__/student/student.test.ts:112:53)\n    at runMicrotasks (<anonymous>)\n    at processTicksAndRejections (internal/process/task_queues.js:97:5)"
                    ],
                    "fullName": "student 1 GET;;0;;/Student/{resource:id};;NEGATIVE--GET;;1;;/Student/{resource:id}/v1;;NEGATIVE 0::GET;;0;;/Student/{resource:id};;NEGATIVE",
                    "location": null,
                    "numPassingAsserts": 0,
                    "status": "failed",
                    "title": "0::GET;;0;;/Student/{resource:id};;NEGATIVE"
                },
                {
                    "ancestorTitles": [
                        "student",
                        "1",
                        "GET;;0;;/Student/{resource:id};;NEGATIVE--GET;;1;;/Student/{resource:id}/v1;;NEGATIVE"
                    ],
                    "duration": 0,
                    "failureMessages": [],
                    "fullName": "student 1 GET;;0;;/Student/{resource:id};;NEGATIVE--GET;;1;;/Student/{resource:id}/v1;;NEGATIVE 1::GET;;1;;/Student/{resource:id}/v1;;NEGATIVE",
                    "location": null,
                    "numPassingAsserts": 0,
                    "status": "passed",
                    "title": "1::GET;;1;;/Student/{resource:id}/v1;;NEGATIVE"
                },
                {
                    "ancestorTitles": [
                        "student",
                        "1",
                        "GET;;0;;/Student/{resource:id};;NEGATIVE--DELETE;;0;;/Student/{resource:id};;NEGATIVE"
                    ],
                    "duration": 1,
                    "failureMessages": [
                        "Error: Status mismatch: Expected 404 got 400\n    at Object.<anonymous> (/home/yash/Desktop/nirikshak/packages/simple-example/__tests__/student/student.test.ts:112:53)\n    at runMicrotasks (<anonymous>)\n    at processTicksAndRejections (internal/process/task_queues.js:97:5)"
                    ],
                    "fullName": "student 1 GET;;0;;/Student/{resource:id};;NEGATIVE--DELETE;;0;;/Student/{resource:id};;NEGATIVE 0::GET;;0;;/Student/{resource:id};;NEGATIVE",
                    "location": null,
                    "numPassingAsserts": 0,
                    "status": "failed",
                    "title": "0::GET;;0;;/Student/{resource:id};;NEGATIVE"
                },
                {
                    "ancestorTitles": [
                        "student",
                        "1",
                        "GET;;0;;/Student/{resource:id};;NEGATIVE--DELETE;;0;;/Student/{resource:id};;NEGATIVE"
                    ],
                    "duration": 0,
                    "failureMessages": [],
                    "fullName": "student 1 GET;;0;;/Student/{resource:id};;NEGATIVE--DELETE;;0;;/Student/{resource:id};;NEGATIVE 1::DELETE;;0;;/Student/{resource:id};;NEGATIVE",
                    "location": null,
                    "numPassingAsserts": 0,
                    "status": "passed",
                    "title": "1::DELETE;;0;;/Student/{resource:id};;NEGATIVE"
                },
                {
                    "ancestorTitles": [
                        "student",
                        "1",
                        "GET;;0;;/Student/{resource:id};;NEGATIVE--DELETE;;1;;/Student/{resource:id}/v4;;NEGATIVE"
                    ],
                    "duration": 1,
                    "failureMessages": [
                        "Error: Status mismatch: Expected 404 got 400\n    at Object.<anonymous> (/home/yash/Desktop/nirikshak/packages/simple-example/__tests__/student/student.test.ts:112:53)\n    at runMicrotasks (<anonymous>)\n    at processTicksAndRejections (internal/process/task_queues.js:97:5)"
                    ],
                    "fullName": "student 1 GET;;0;;/Student/{resource:id};;NEGATIVE--DELETE;;1;;/Student/{resource:id}/v4;;NEGATIVE 0::GET;;0;;/Student/{resource:id};;NEGATIVE",
                    "location": null,
                    "numPassingAsserts": 0,
                    "status": "failed",
                    "title": "0::GET;;0;;/Student/{resource:id};;NEGATIVE"
                },
                {
                    "ancestorTitles": [
                        "student",
                        "1",
                        "GET;;0;;/Student/{resource:id};;NEGATIVE--DELETE;;1;;/Student/{resource:id}/v4;;NEGATIVE"
                    ],
                    "duration": 1,
                    "failureMessages": [],
                    "fullName": "student 1 GET;;0;;/Student/{resource:id};;NEGATIVE--DELETE;;1;;/Student/{resource:id}/v4;;NEGATIVE 1::DELETE;;1;;/Student/{resource:id}/v4;;NEGATIVE",
                    "location": null,
                    "numPassingAsserts": 0,
                    "status": "passed",
                    "title": "1::DELETE;;1;;/Student/{resource:id}/v4;;NEGATIVE"
                },
                {
                    "ancestorTitles": [
                        "student",
                        "1",
                        "GET;;0;;/Student/{resource:id};;NEGATIVE--POST;;0;;/Student;;POSITIVE"
                    ],
                    "duration": 1,
                    "failureMessages": [
                        "Error: Status mismatch: Expected 404 got 400\n    at Object.<anonymous> (/home/yash/Desktop/nirikshak/packages/simple-example/__tests__/student/student.test.ts:112:53)\n    at runMicrotasks (<anonymous>)\n    at processTicksAndRejections (internal/process/task_queues.js:97:5)"
                    ],
                    "fullName": "student 1 GET;;0;;/Student/{resource:id};;NEGATIVE--POST;;0;;/Student;;POSITIVE 0::GET;;0;;/Student/{resource:id};;NEGATIVE",
                    "location": null,
                    "numPassingAsserts": 0,
                    "status": "failed",
                    "title": "0::GET;;0;;/Student/{resource:id};;NEGATIVE"
                },
                {
                    "ancestorTitles": [
                        "student",
                        "1",
                        "GET;;0;;/Student/{resource:id};;NEGATIVE--POST;;0;;/Student;;POSITIVE"
                    ],
                    "duration": 0,
                    "failureMessages": [],
                    "fullName": "student 1 GET;;0;;/Student/{resource:id};;NEGATIVE--POST;;0;;/Student;;POSITIVE 1::POST;;0;;/Student;;POSITIVE",
                    "location": null,
                    "numPassingAsserts": 0,
                    "status": "passed",
                    "title": "1::POST;;0;;/Student;;POSITIVE"
                },
                {
                    "ancestorTitles": [
                        "student",
                        "1",
                        "GET;;0;;/Student/{resource:id};;NEGATIVE--POST;;0;;/Student;;DESTRUCTIVE"
                    ],
                    "duration": 1,
                    "failureMessages": [
                        "Error: Status mismatch: Expected 404 got 400\n    at Object.<anonymous> (/home/yash/Desktop/nirikshak/packages/simple-example/__tests__/student/student.test.ts:112:53)\n    at runMicrotasks (<anonymous>)\n    at processTicksAndRejections (internal/process/task_queues.js:97:5)"
                    ],
                    "fullName": "student 1 GET;;0;;/Student/{resource:id};;NEGATIVE--POST;;0;;/Student;;DESTRUCTIVE 0::GET;;0;;/Student/{resource:id};;NEGATIVE",
                    "location": null,
                    "numPassingAsserts": 0,
                    "status": "failed",
                    "title": "0::GET;;0;;/Student/{resource:id};;NEGATIVE"
                },
                {
                    "ancestorTitles": [
                        "student",
                        "1",
                        "GET;;0;;/Student/{resource:id};;NEGATIVE--POST;;0;;/Student;;DESTRUCTIVE"
                    ],
                    "duration": 0,
                    "failureMessages": [],
                    "fullName": "student 1 GET;;0;;/Student/{resource:id};;NEGATIVE--POST;;0;;/Student;;DESTRUCTIVE 1::POST;;0;;/Student;;DESTRUCTIVE",
                    "location": null,
                    "numPassingAsserts": 0,
                    "status": "passed",
                    "title": "1::POST;;0;;/Student;;DESTRUCTIVE"
                },
                {
                    "ancestorTitles": [
                        "student",
                        "1",
                        "GET;;0;;/Student/{resource:id};;NEGATIVE--POST;;1;;/Student/{resource:id};;POSITIVE"
                    ],
                    "duration": 1,
                    "failureMessages": [
                        "Error: Status mismatch: Expected 404 got 400\n    at Object.<anonymous> (/home/yash/Desktop/nirikshak/packages/simple-example/__tests__/student/student.test.ts:112:53)\n    at runMicrotasks (<anonymous>)\n    at processTicksAndRejections (internal/process/task_queues.js:97:5)"
                    ],
                    "fullName": "student 1 GET;;0;;/Student/{resource:id};;NEGATIVE--POST;;1;;/Student/{resource:id};;POSITIVE 0::GET;;0;;/Student/{resource:id};;NEGATIVE",
                    "location": null,
                    "numPassingAsserts": 0,
                    "status": "failed",
                    "title": "0::GET;;0;;/Student/{resource:id};;NEGATIVE"
                },
                {
                    "ancestorTitles": [
                        "student",
                        "1",
                        "GET;;0;;/Student/{resource:id};;NEGATIVE--POST;;1;;/Student/{resource:id};;POSITIVE"
                    ],
                    "duration": 0,
                    "failureMessages": [],
                    "fullName": "student 1 GET;;0;;/Student/{resource:id};;NEGATIVE--POST;;1;;/Student/{resource:id};;POSITIVE 1::POST;;1;;/Student/{resource:id};;POSITIVE",
                    "location": null,
                    "numPassingAsserts": 0,
                    "status": "passed",
                    "title": "1::POST;;1;;/Student/{resource:id};;POSITIVE"
                },
                {
                    "ancestorTitles": [
                        "student",
                        "1",
                        "GET;;0;;/Student/{resource:id};;NEGATIVE--POST;;1;;/Student/{resource:id};;DESTRUCTIVE"
                    ],
                    "duration": 1,
                    "failureMessages": [
                        "Error: Status mismatch: Expected 404 got 400\n    at Object.<anonymous> (/home/yash/Desktop/nirikshak/packages/simple-example/__tests__/student/student.test.ts:112:53)\n    at runMicrotasks (<anonymous>)\n    at processTicksAndRejections (internal/process/task_queues.js:97:5)"
                    ],
                    "fullName": "student 1 GET;;0;;/Student/{resource:id};;NEGATIVE--POST;;1;;/Student/{resource:id};;DESTRUCTIVE 0::GET;;0;;/Student/{resource:id};;NEGATIVE",
                    "location": null,
                    "numPassingAsserts": 0,
                    "status": "failed",
                    "title": "0::GET;;0;;/Student/{resource:id};;NEGATIVE"
                },
                {
                    "ancestorTitles": [
                        "student",
                        "1",
                        "GET;;0;;/Student/{resource:id};;NEGATIVE--POST;;1;;/Student/{resource:id};;DESTRUCTIVE"
                    ],
                    "duration": 0,
                    "failureMessages": [],
                    "fullName": "student 1 GET;;0;;/Student/{resource:id};;NEGATIVE--POST;;1;;/Student/{resource:id};;DESTRUCTIVE 1::POST;;1;;/Student/{resource:id};;DESTRUCTIVE",
                    "location": null,
                    "numPassingAsserts": 0,
                    "status": "passed",
                    "title": "1::POST;;1;;/Student/{resource:id};;DESTRUCTIVE"
                },
                {
                    "ancestorTitles": [
                        "student",
                        "1",
                        "GET;;0;;/Student/{resource:id};;NEGATIVE--PATCH;;0;;/Student/{resource:id};;NEGATIVE"
                    ],
                    "duration": 2,
                    "failureMessages": [
                        "Error: Status mismatch: Expected 404 got 400\n    at Object.<anonymous> (/home/yash/Desktop/nirikshak/packages/simple-example/__tests__/student/student.test.ts:112:53)\n    at runMicrotasks (<anonymous>)\n    at processTicksAndRejections (internal/process/task_queues.js:97:5)"
                    ],
                    "fullName": "student 1 GET;;0;;/Student/{resource:id};;NEGATIVE--PATCH;;0;;/Student/{resource:id};;NEGATIVE 0::GET;;0;;/Student/{resource:id};;NEGATIVE",
                    "location": null,
                    "numPassingAsserts": 0,
                    "status": "failed",
                    "title": "0::GET;;0;;/Student/{resource:id};;NEGATIVE"
                },
                {
                    "ancestorTitles": [
                        "student",
                        "1",
                        "GET;;0;;/Student/{resource:id};;NEGATIVE--PATCH;;0;;/Student/{resource:id};;NEGATIVE"
                    ],
                    "duration": 0,
                    "failureMessages": [],
                    "fullName": "student 1 GET;;0;;/Student/{resource:id};;NEGATIVE--PATCH;;0;;/Student/{resource:id};;NEGATIVE 1::PATCH;;0;;/Student/{resource:id};;NEGATIVE",
                    "location": null,
                    "numPassingAsserts": 0,
                    "status": "passed",
                    "title": "1::PATCH;;0;;/Student/{resource:id};;NEGATIVE"
                },
                {
                    "ancestorTitles": [
                        "student",
                        "1",
                        "GET;;0;;/Student/{resource:id};;NEGATIVE--PUT;;0;;/Student;;POSITIVE"
                    ],
                    "duration": 1,
                    "failureMessages": [
                        "Error: Status mismatch: Expected 404 got 400\n    at Object.<anonymous> (/home/yash/Desktop/nirikshak/packages/simple-example/__tests__/student/student.test.ts:112:53)\n    at runMicrotasks (<anonymous>)\n    at processTicksAndRejections (internal/process/task_queues.js:97:5)"
                    ],
                    "fullName": "student 1 GET;;0;;/Student/{resource:id};;NEGATIVE--PUT;;0;;/Student;;POSITIVE 0::GET;;0;;/Student/{resource:id};;NEGATIVE",
                    "location": null,
                    "numPassingAsserts": 0,
                    "status": "failed",
                    "title": "0::GET;;0;;/Student/{resource:id};;NEGATIVE"
                },
                {
                    "ancestorTitles": [
                        "student",
                        "1",
                        "GET;;0;;/Student/{resource:id};;NEGATIVE--PUT;;0;;/Student;;POSITIVE"
                    ],
                    "duration": 0,
                    "failureMessages": [],
                    "fullName": "student 1 GET;;0;;/Student/{resource:id};;NEGATIVE--PUT;;0;;/Student;;POSITIVE 1::PUT;;0;;/Student;;POSITIVE",
                    "location": null,
                    "numPassingAsserts": 0,
                    "status": "passed",
                    "title": "1::PUT;;0;;/Student;;POSITIVE"
                },
                {
                    "ancestorTitles": [
                        "student",
                        "1",
                        "GET;;0;;/Student/{resource:id};;NEGATIVE--PUT;;0;;/Student;;DESTRUCTIVE"
                    ],
                    "duration": 1,
                    "failureMessages": [
                        "Error: Status mismatch: Expected 404 got 400\n    at Object.<anonymous> (/home/yash/Desktop/nirikshak/packages/simple-example/__tests__/student/student.test.ts:112:53)\n    at runMicrotasks (<anonymous>)\n    at processTicksAndRejections (internal/process/task_queues.js:97:5)"
                    ],
                    "fullName": "student 1 GET;;0;;/Student/{resource:id};;NEGATIVE--PUT;;0;;/Student;;DESTRUCTIVE 0::GET;;0;;/Student/{resource:id};;NEGATIVE",
                    "location": null,
                    "numPassingAsserts": 0,
                    "status": "failed",
                    "title": "0::GET;;0;;/Student/{resource:id};;NEGATIVE"
                },
                {
                    "ancestorTitles": [
                        "student",
                        "1",
                        "GET;;0;;/Student/{resource:id};;NEGATIVE--PUT;;0;;/Student;;DESTRUCTIVE"
                    ],
                    "duration": 0,
                    "failureMessages": [],
                    "fullName": "student 1 GET;;0;;/Student/{resource:id};;NEGATIVE--PUT;;0;;/Student;;DESTRUCTIVE 1::PUT;;0;;/Student;;DESTRUCTIVE",
                    "location": null,
                    "numPassingAsserts": 0,
                    "status": "passed",
                    "title": "1::PUT;;0;;/Student;;DESTRUCTIVE"
                },
                {
                    "ancestorTitles": [
                        "student",
                        "1",
                        "GET;;0;;/Student/{resource:id};;NEGATIVE--PUT;;1;;/Student/{resource:id};;POSITIVE"
                    ],
                    "duration": 1,
                    "failureMessages": [
                        "Error: Status mismatch: Expected 404 got 400\n    at Object.<anonymous> (/home/yash/Desktop/nirikshak/packages/simple-example/__tests__/student/student.test.ts:112:53)\n    at runMicrotasks (<anonymous>)\n    at processTicksAndRejections (internal/process/task_queues.js:97:5)"
                    ],
                    "fullName": "student 1 GET;;0;;/Student/{resource:id};;NEGATIVE--PUT;;1;;/Student/{resource:id};;POSITIVE 0::GET;;0;;/Student/{resource:id};;NEGATIVE",
                    "location": null,
                    "numPassingAsserts": 0,
                    "status": "failed",
                    "title": "0::GET;;0;;/Student/{resource:id};;NEGATIVE"
                },
                {
                    "ancestorTitles": [
                        "student",
                        "1",
                        "GET;;0;;/Student/{resource:id};;NEGATIVE--PUT;;1;;/Student/{resource:id};;POSITIVE"
                    ],
                    "duration": 0,
                    "failureMessages": [],
                    "fullName": "student 1 GET;;0;;/Student/{resource:id};;NEGATIVE--PUT;;1;;/Student/{resource:id};;POSITIVE 1::PUT;;1;;/Student/{resource:id};;POSITIVE",
                    "location": null,
                    "numPassingAsserts": 0,
                    "status": "passed",
                    "title": "1::PUT;;1;;/Student/{resource:id};;POSITIVE"
                },
                {
                    "ancestorTitles": [
                        "student",
                        "1",
                        "GET;;0;;/Student/{resource:id};;NEGATIVE--PUT;;1;;/Student/{resource:id};;DESTRUCTIVE"
                    ],
                    "duration": 1,
                    "failureMessages": [
                        "Error: Status mismatch: Expected 404 got 400\n    at Object.<anonymous> (/home/yash/Desktop/nirikshak/packages/simple-example/__tests__/student/student.test.ts:112:53)\n    at runMicrotasks (<anonymous>)\n    at processTicksAndRejections (internal/process/task_queues.js:97:5)"
                    ],
                    "fullName": "student 1 GET;;0;;/Student/{resource:id};;NEGATIVE--PUT;;1;;/Student/{resource:id};;DESTRUCTIVE 0::GET;;0;;/Student/{resource:id};;NEGATIVE",
                    "location": null,
                    "numPassingAsserts": 0,
                    "status": "failed",
                    "title": "0::GET;;0;;/Student/{resource:id};;NEGATIVE"
                },
                {
                    "ancestorTitles": [
                        "student",
                        "1",
                        "GET;;0;;/Student/{resource:id};;NEGATIVE--PUT;;1;;/Student/{resource:id};;DESTRUCTIVE"
                    ],
                    "duration": 0,
                    "failureMessages": [],
                    "fullName": "student 1 GET;;0;;/Student/{resource:id};;NEGATIVE--PUT;;1;;/Student/{resource:id};;DESTRUCTIVE 1::PUT;;1;;/Student/{resource:id};;DESTRUCTIVE",
                    "location": null,
                    "numPassingAsserts": 0,
                    "status": "passed",
                    "title": "1::PUT;;1;;/Student/{resource:id};;DESTRUCTIVE"
                },
                {
                    "ancestorTitles": [
                        "student",
                        "1",
                        "GET;;1;;/Student/{resource:id}/v1;;POSITIVE--GET;;0;;/Student/{resource:id};;POSITIVE"
                    ],
                    "duration": 1,
                    "failureMessages": [
                        "Error: Status mismatch: Expected 200,500 got 201\n    at Object.<anonymous> (/home/yash/Desktop/nirikshak/packages/simple-example/__tests__/student/student.test.ts:112:53)\n    at runMicrotasks (<anonymous>)\n    at processTicksAndRejections (internal/process/task_queues.js:97:5)"
                    ],
                    "fullName": "student 1 GET;;1;;/Student/{resource:id}/v1;;POSITIVE--GET;;0;;/Student/{resource:id};;POSITIVE 0::GET;;1;;/Student/{resource:id}/v1;;POSITIVE",
                    "location": null,
                    "numPassingAsserts": 0,
                    "status": "failed",
                    "title": "0::GET;;1;;/Student/{resource:id}/v1;;POSITIVE"
                },
                {
                    "ancestorTitles": [
                        "student",
                        "1",
                        "GET;;1;;/Student/{resource:id}/v1;;POSITIVE--GET;;0;;/Student/{resource:id};;POSITIVE"
                    ],
                    "duration": 0,
                    "failureMessages": [],
                    "fullName": "student 1 GET;;1;;/Student/{resource:id}/v1;;POSITIVE--GET;;0;;/Student/{resource:id};;POSITIVE 1::GET;;0;;/Student/{resource:id};;POSITIVE",
                    "location": null,
                    "numPassingAsserts": 0,
                    "status": "passed",
                    "title": "1::GET;;0;;/Student/{resource:id};;POSITIVE"
                },
                {
                    "ancestorTitles": [
                        "student",
                        "1",
                        "GET;;1;;/Student/{resource:id}/v1;;POSITIVE--GET;;1;;/Student/{resource:id}/v1;;POSITIVE"
                    ],
                    "duration": 1,
                    "failureMessages": [
                        "Error: Status mismatch: Expected 200,500 got 201\n    at Object.<anonymous> (/home/yash/Desktop/nirikshak/packages/simple-example/__tests__/student/student.test.ts:112:53)\n    at runMicrotasks (<anonymous>)\n    at processTicksAndRejections (internal/process/task_queues.js:97:5)"
                    ],
                    "fullName": "student 1 GET;;1;;/Student/{resource:id}/v1;;POSITIVE--GET;;1;;/Student/{resource:id}/v1;;POSITIVE 0::GET;;1;;/Student/{resource:id}/v1;;POSITIVE",
                    "location": null,
                    "numPassingAsserts": 0,
                    "status": "failed",
                    "title": "0::GET;;1;;/Student/{resource:id}/v1;;POSITIVE"
                },
                {
                    "ancestorTitles": [
                        "student",
                        "1",
                        "GET;;1;;/Student/{resource:id}/v1;;POSITIVE--GET;;1;;/Student/{resource:id}/v1;;POSITIVE"
                    ],
                    "duration": 0,
                    "failureMessages": [],
                    "fullName": "student 1 GET;;1;;/Student/{resource:id}/v1;;POSITIVE--GET;;1;;/Student/{resource:id}/v1;;POSITIVE 1::GET;;1;;/Student/{resource:id}/v1;;POSITIVE",
                    "location": null,
                    "numPassingAsserts": 0,
                    "status": "passed",
                    "title": "1::GET;;1;;/Student/{resource:id}/v1;;POSITIVE"
                },
                {
                    "ancestorTitles": [
                        "student",
                        "1",
                        "GET;;1;;/Student/{resource:id}/v1;;POSITIVE--DELETE;;0;;/Student/{resource:id};;POSITIVE"
                    ],
                    "duration": 1,
                    "failureMessages": [
                        "Error: Status mismatch: Expected 200,500 got 201\n    at Object.<anonymous> (/home/yash/Desktop/nirikshak/packages/simple-example/__tests__/student/student.test.ts:112:53)\n    at runMicrotasks (<anonymous>)\n    at processTicksAndRejections (internal/process/task_queues.js:97:5)"
                    ],
                    "fullName": "student 1 GET;;1;;/Student/{resource:id}/v1;;POSITIVE--DELETE;;0;;/Student/{resource:id};;POSITIVE 0::GET;;1;;/Student/{resource:id}/v1;;POSITIVE",
                    "location": null,
                    "numPassingAsserts": 0,
                    "status": "failed",
                    "title": "0::GET;;1;;/Student/{resource:id}/v1;;POSITIVE"
                },
                {
                    "ancestorTitles": [
                        "student",
                        "1",
                        "GET;;1;;/Student/{resource:id}/v1;;POSITIVE--DELETE;;0;;/Student/{resource:id};;POSITIVE"
                    ],
                    "duration": 0,
                    "failureMessages": [],
                    "fullName": "student 1 GET;;1;;/Student/{resource:id}/v1;;POSITIVE--DELETE;;0;;/Student/{resource:id};;POSITIVE 1::DELETE;;0;;/Student/{resource:id};;POSITIVE",
                    "location": null,
                    "numPassingAsserts": 0,
                    "status": "passed",
                    "title": "1::DELETE;;0;;/Student/{resource:id};;POSITIVE"
                },
                {
                    "ancestorTitles": [
                        "student",
                        "1",
                        "GET;;1;;/Student/{resource:id}/v1;;POSITIVE--DELETE;;1;;/Student/{resource:id}/v4;;POSITIVE"
                    ],
                    "duration": 1,
                    "failureMessages": [
                        "Error: Status mismatch: Expected 200,500 got 201\n    at Object.<anonymous> (/home/yash/Desktop/nirikshak/packages/simple-example/__tests__/student/student.test.ts:112:53)\n    at runMicrotasks (<anonymous>)\n    at processTicksAndRejections (internal/process/task_queues.js:97:5)"
                    ],
                    "fullName": "student 1 GET;;1;;/Student/{resource:id}/v1;;POSITIVE--DELETE;;1;;/Student/{resource:id}/v4;;POSITIVE 0::GET;;1;;/Student/{resource:id}/v1;;POSITIVE",
                    "location": null,
                    "numPassingAsserts": 0,
                    "status": "failed",
                    "title": "0::GET;;1;;/Student/{resource:id}/v1;;POSITIVE"
                },
                {
                    "ancestorTitles": [
                        "student",
                        "1",
                        "GET;;1;;/Student/{resource:id}/v1;;POSITIVE--DELETE;;1;;/Student/{resource:id}/v4;;POSITIVE"
                    ],
                    "duration": 0,
                    "failureMessages": [],
                    "fullName": "student 1 GET;;1;;/Student/{resource:id}/v1;;POSITIVE--DELETE;;1;;/Student/{resource:id}/v4;;POSITIVE 1::DELETE;;1;;/Student/{resource:id}/v4;;POSITIVE",
                    "location": null,
                    "numPassingAsserts": 0,
                    "status": "passed",
                    "title": "1::DELETE;;1;;/Student/{resource:id}/v4;;POSITIVE"
                },
                {
                    "ancestorTitles": [
                        "student",
                        "1",
                        "GET;;1;;/Student/{resource:id}/v1;;POSITIVE--POST;;0;;/Student;;NEGATIVE"
                    ],
                    "duration": 1,
                    "failureMessages": [
                        "Error: Status mismatch: Expected 200,500 got 201\n    at Object.<anonymous> (/home/yash/Desktop/nirikshak/packages/simple-example/__tests__/student/student.test.ts:112:53)\n    at runMicrotasks (<anonymous>)\n    at processTicksAndRejections (internal/process/task_queues.js:97:5)"
                    ],
                    "fullName": "student 1 GET;;1;;/Student/{resource:id}/v1;;POSITIVE--POST;;0;;/Student;;NEGATIVE 0::GET;;1;;/Student/{resource:id}/v1;;POSITIVE",
                    "location": null,
                    "numPassingAsserts": 0,
                    "status": "failed",
                    "title": "0::GET;;1;;/Student/{resource:id}/v1;;POSITIVE"
                },
                {
                    "ancestorTitles": [
                        "student",
                        "1",
                        "GET;;1;;/Student/{resource:id}/v1;;POSITIVE--POST;;0;;/Student;;NEGATIVE"
                    ],
                    "duration": 0,
                    "failureMessages": [],
                    "fullName": "student 1 GET;;1;;/Student/{resource:id}/v1;;POSITIVE--POST;;0;;/Student;;NEGATIVE 1::POST;;0;;/Student;;NEGATIVE",
                    "location": null,
                    "numPassingAsserts": 0,
                    "status": "passed",
                    "title": "1::POST;;0;;/Student;;NEGATIVE"
                },
                {
                    "ancestorTitles": [
                        "student",
                        "1",
                        "GET;;1;;/Student/{resource:id}/v1;;POSITIVE--POST;;1;;/Student/{resource:id};;NEGATIVE"
                    ],
                    "duration": 1,
                    "failureMessages": [
                        "Error: Status mismatch: Expected 200,500 got 201\n    at Object.<anonymous> (/home/yash/Desktop/nirikshak/packages/simple-example/__tests__/student/student.test.ts:112:53)\n    at runMicrotasks (<anonymous>)\n    at processTicksAndRejections (internal/process/task_queues.js:97:5)"
                    ],
                    "fullName": "student 1 GET;;1;;/Student/{resource:id}/v1;;POSITIVE--POST;;1;;/Student/{resource:id};;NEGATIVE 0::GET;;1;;/Student/{resource:id}/v1;;POSITIVE",
                    "location": null,
                    "numPassingAsserts": 0,
                    "status": "failed",
                    "title": "0::GET;;1;;/Student/{resource:id}/v1;;POSITIVE"
                },
                {
                    "ancestorTitles": [
                        "student",
                        "1",
                        "GET;;1;;/Student/{resource:id}/v1;;POSITIVE--POST;;1;;/Student/{resource:id};;NEGATIVE"
                    ],
                    "duration": 1,
                    "failureMessages": [],
                    "fullName": "student 1 GET;;1;;/Student/{resource:id}/v1;;POSITIVE--POST;;1;;/Student/{resource:id};;NEGATIVE 1::POST;;1;;/Student/{resource:id};;NEGATIVE",
                    "location": null,
                    "numPassingAsserts": 0,
                    "status": "passed",
                    "title": "1::POST;;1;;/Student/{resource:id};;NEGATIVE"
                },
                {
                    "ancestorTitles": [
                        "student",
                        "1",
                        "GET;;1;;/Student/{resource:id}/v1;;POSITIVE--PATCH;;0;;/Student/{resource:id};;POSITIVE"
                    ],
                    "duration": 1,
                    "failureMessages": [
                        "Error: Status mismatch: Expected 200,500 got 201\n    at Object.<anonymous> (/home/yash/Desktop/nirikshak/packages/simple-example/__tests__/student/student.test.ts:112:53)\n    at runMicrotasks (<anonymous>)\n    at processTicksAndRejections (internal/process/task_queues.js:97:5)"
                    ],
                    "fullName": "student 1 GET;;1;;/Student/{resource:id}/v1;;POSITIVE--PATCH;;0;;/Student/{resource:id};;POSITIVE 0::GET;;1;;/Student/{resource:id}/v1;;POSITIVE",
                    "location": null,
                    "numPassingAsserts": 0,
                    "status": "failed",
                    "title": "0::GET;;1;;/Student/{resource:id}/v1;;POSITIVE"
                },
                {
                    "ancestorTitles": [
                        "student",
                        "1",
                        "GET;;1;;/Student/{resource:id}/v1;;POSITIVE--PATCH;;0;;/Student/{resource:id};;POSITIVE"
                    ],
                    "duration": 0,
                    "failureMessages": [],
                    "fullName": "student 1 GET;;1;;/Student/{resource:id}/v1;;POSITIVE--PATCH;;0;;/Student/{resource:id};;POSITIVE 1::PATCH;;0;;/Student/{resource:id};;POSITIVE",
                    "location": null,
                    "numPassingAsserts": 0,
                    "status": "passed",
                    "title": "1::PATCH;;0;;/Student/{resource:id};;POSITIVE"
                },
                {
                    "ancestorTitles": [
                        "student",
                        "1",
                        "GET;;1;;/Student/{resource:id}/v1;;POSITIVE--PATCH;;0;;/Student/{resource:id};;DESTRUCTIVE"
                    ],
                    "duration": 1,
                    "failureMessages": [
                        "Error: Status mismatch: Expected 200,500 got 201\n    at Object.<anonymous> (/home/yash/Desktop/nirikshak/packages/simple-example/__tests__/student/student.test.ts:112:53)\n    at runMicrotasks (<anonymous>)\n    at processTicksAndRejections (internal/process/task_queues.js:97:5)"
                    ],
                    "fullName": "student 1 GET;;1;;/Student/{resource:id}/v1;;POSITIVE--PATCH;;0;;/Student/{resource:id};;DESTRUCTIVE 0::GET;;1;;/Student/{resource:id}/v1;;POSITIVE",
                    "location": null,
                    "numPassingAsserts": 0,
                    "status": "failed",
                    "title": "0::GET;;1;;/Student/{resource:id}/v1;;POSITIVE"
                },
                {
                    "ancestorTitles": [
                        "student",
                        "1",
                        "GET;;1;;/Student/{resource:id}/v1;;POSITIVE--PATCH;;0;;/Student/{resource:id};;DESTRUCTIVE"
                    ],
                    "duration": 0,
                    "failureMessages": [],
                    "fullName": "student 1 GET;;1;;/Student/{resource:id}/v1;;POSITIVE--PATCH;;0;;/Student/{resource:id};;DESTRUCTIVE 1::PATCH;;0;;/Student/{resource:id};;DESTRUCTIVE",
                    "location": null,
                    "numPassingAsserts": 0,
                    "status": "passed",
                    "title": "1::PATCH;;0;;/Student/{resource:id};;DESTRUCTIVE"
                },
                {
                    "ancestorTitles": [
                        "student",
                        "1",
                        "GET;;1;;/Student/{resource:id}/v1;;POSITIVE--PUT;;0;;/Student;;POSITIVE"
                    ],
                    "duration": 1,
                    "failureMessages": [
                        "Error: Status mismatch: Expected 200,500 got 201\n    at Object.<anonymous> (/home/yash/Desktop/nirikshak/packages/simple-example/__tests__/student/student.test.ts:112:53)\n    at runMicrotasks (<anonymous>)\n    at processTicksAndRejections (internal/process/task_queues.js:97:5)"
                    ],
                    "fullName": "student 1 GET;;1;;/Student/{resource:id}/v1;;POSITIVE--PUT;;0;;/Student;;POSITIVE 0::GET;;1;;/Student/{resource:id}/v1;;POSITIVE",
                    "location": null,
                    "numPassingAsserts": 0,
                    "status": "failed",
                    "title": "0::GET;;1;;/Student/{resource:id}/v1;;POSITIVE"
                },
                {
                    "ancestorTitles": [
                        "student",
                        "1",
                        "GET;;1;;/Student/{resource:id}/v1;;POSITIVE--PUT;;0;;/Student;;POSITIVE"
                    ],
                    "duration": 0,
                    "failureMessages": [],
                    "fullName": "student 1 GET;;1;;/Student/{resource:id}/v1;;POSITIVE--PUT;;0;;/Student;;POSITIVE 1::PUT;;0;;/Student;;POSITIVE",
                    "location": null,
                    "numPassingAsserts": 0,
                    "status": "passed",
                    "title": "1::PUT;;0;;/Student;;POSITIVE"
                },
                {
                    "ancestorTitles": [
                        "student",
                        "1",
                        "GET;;1;;/Student/{resource:id}/v1;;POSITIVE--PUT;;0;;/Student;;DESTRUCTIVE"
                    ],
                    "duration": 1,
                    "failureMessages": [
                        "Error: Status mismatch: Expected 200,500 got 201\n    at Object.<anonymous> (/home/yash/Desktop/nirikshak/packages/simple-example/__tests__/student/student.test.ts:112:53)\n    at runMicrotasks (<anonymous>)\n    at processTicksAndRejections (internal/process/task_queues.js:97:5)"
                    ],
                    "fullName": "student 1 GET;;1;;/Student/{resource:id}/v1;;POSITIVE--PUT;;0;;/Student;;DESTRUCTIVE 0::GET;;1;;/Student/{resource:id}/v1;;POSITIVE",
                    "location": null,
                    "numPassingAsserts": 0,
                    "status": "failed",
                    "title": "0::GET;;1;;/Student/{resource:id}/v1;;POSITIVE"
                },
                {
                    "ancestorTitles": [
                        "student",
                        "1",
                        "GET;;1;;/Student/{resource:id}/v1;;POSITIVE--PUT;;0;;/Student;;DESTRUCTIVE"
                    ],
                    "duration": 0,
                    "failureMessages": [],
                    "fullName": "student 1 GET;;1;;/Student/{resource:id}/v1;;POSITIVE--PUT;;0;;/Student;;DESTRUCTIVE 1::PUT;;0;;/Student;;DESTRUCTIVE",
                    "location": null,
                    "numPassingAsserts": 0,
                    "status": "passed",
                    "title": "1::PUT;;0;;/Student;;DESTRUCTIVE"
                },
                {
                    "ancestorTitles": [
                        "student",
                        "1",
                        "GET;;1;;/Student/{resource:id}/v1;;POSITIVE--PUT;;1;;/Student/{resource:id};;POSITIVE"
                    ],
                    "duration": 1,
                    "failureMessages": [
                        "Error: Status mismatch: Expected 200,500 got 201\n    at Object.<anonymous> (/home/yash/Desktop/nirikshak/packages/simple-example/__tests__/student/student.test.ts:112:53)\n    at runMicrotasks (<anonymous>)\n    at processTicksAndRejections (internal/process/task_queues.js:97:5)"
                    ],
                    "fullName": "student 1 GET;;1;;/Student/{resource:id}/v1;;POSITIVE--PUT;;1;;/Student/{resource:id};;POSITIVE 0::GET;;1;;/Student/{resource:id}/v1;;POSITIVE",
                    "location": null,
                    "numPassingAsserts": 0,
                    "status": "failed",
                    "title": "0::GET;;1;;/Student/{resource:id}/v1;;POSITIVE"
                },
                {
                    "ancestorTitles": [
                        "student",
                        "1",
                        "GET;;1;;/Student/{resource:id}/v1;;POSITIVE--PUT;;1;;/Student/{resource:id};;POSITIVE"
                    ],
                    "duration": 0,
                    "failureMessages": [],
                    "fullName": "student 1 GET;;1;;/Student/{resource:id}/v1;;POSITIVE--PUT;;1;;/Student/{resource:id};;POSITIVE 1::PUT;;1;;/Student/{resource:id};;POSITIVE",
                    "location": null,
                    "numPassingAsserts": 0,
                    "status": "passed",
                    "title": "1::PUT;;1;;/Student/{resource:id};;POSITIVE"
                },
                {
                    "ancestorTitles": [
                        "student",
                        "1",
                        "GET;;1;;/Student/{resource:id}/v1;;POSITIVE--PUT;;1;;/Student/{resource:id};;DESTRUCTIVE"
                    ],
                    "duration": 3,
                    "failureMessages": [
                        "Error: Status mismatch: Expected 200,500 got 201\n    at Object.<anonymous> (/home/yash/Desktop/nirikshak/packages/simple-example/__tests__/student/student.test.ts:112:53)\n    at runMicrotasks (<anonymous>)\n    at processTicksAndRejections (internal/process/task_queues.js:97:5)"
                    ],
                    "fullName": "student 1 GET;;1;;/Student/{resource:id}/v1;;POSITIVE--PUT;;1;;/Student/{resource:id};;DESTRUCTIVE 0::GET;;1;;/Student/{resource:id}/v1;;POSITIVE",
                    "location": null,
                    "numPassingAsserts": 0,
                    "status": "failed",
                    "title": "0::GET;;1;;/Student/{resource:id}/v1;;POSITIVE"
                },
                {
                    "ancestorTitles": [
                        "student",
                        "1",
                        "GET;;1;;/Student/{resource:id}/v1;;POSITIVE--PUT;;1;;/Student/{resource:id};;DESTRUCTIVE"
                    ],
                    "duration": 0,
                    "failureMessages": [],
                    "fullName": "student 1 GET;;1;;/Student/{resource:id}/v1;;POSITIVE--PUT;;1;;/Student/{resource:id};;DESTRUCTIVE 1::PUT;;1;;/Student/{resource:id};;DESTRUCTIVE",
                    "location": null,
                    "numPassingAsserts": 0,
                    "status": "passed",
                    "title": "1::PUT;;1;;/Student/{resource:id};;DESTRUCTIVE"
                },
                {
                    "ancestorTitles": [
                        "student",
                        "1",
                        "GET;;1;;/Student/{resource:id}/v1;;NEGATIVE--GET;;0;;/Student/{resource:id};;NEGATIVE"
                    ],
                    "duration": 1,
                    "failureMessages": [],
                    "fullName": "student 1 GET;;1;;/Student/{resource:id}/v1;;NEGATIVE--GET;;0;;/Student/{resource:id};;NEGATIVE 0::GET;;1;;/Student/{resource:id}/v1;;NEGATIVE",
                    "location": null,
                    "numPassingAsserts": 0,
                    "status": "passed",
                    "title": "0::GET;;1;;/Student/{resource:id}/v1;;NEGATIVE"
                },
                {
                    "ancestorTitles": [
                        "student",
                        "1",
                        "GET;;1;;/Student/{resource:id}/v1;;NEGATIVE--GET;;0;;/Student/{resource:id};;NEGATIVE"
                    ],
                    "duration": 1,
                    "failureMessages": [
                        "Error: Status mismatch: Expected 404 got 400\n    at Object.<anonymous> (/home/yash/Desktop/nirikshak/packages/simple-example/__tests__/student/student.test.ts:112:53)\n    at runMicrotasks (<anonymous>)\n    at processTicksAndRejections (internal/process/task_queues.js:97:5)"
                    ],
                    "fullName": "student 1 GET;;1;;/Student/{resource:id}/v1;;NEGATIVE--GET;;0;;/Student/{resource:id};;NEGATIVE 1::GET;;0;;/Student/{resource:id};;NEGATIVE",
                    "location": null,
                    "numPassingAsserts": 0,
                    "status": "failed",
                    "title": "1::GET;;0;;/Student/{resource:id};;NEGATIVE"
                },
                {
                    "ancestorTitles": [
                        "student",
                        "1",
                        "GET;;1;;/Student/{resource:id}/v1;;NEGATIVE--GET;;1;;/Student/{resource:id}/v1;;NEGATIVE"
                    ],
                    "duration": 1,
                    "failureMessages": [],
                    "fullName": "student 1 GET;;1;;/Student/{resource:id}/v1;;NEGATIVE--GET;;1;;/Student/{resource:id}/v1;;NEGATIVE 0::GET;;1;;/Student/{resource:id}/v1;;NEGATIVE",
                    "location": null,
                    "numPassingAsserts": 0,
                    "status": "passed",
                    "title": "0::GET;;1;;/Student/{resource:id}/v1;;NEGATIVE"
                },
                {
                    "ancestorTitles": [
                        "student",
                        "1",
                        "GET;;1;;/Student/{resource:id}/v1;;NEGATIVE--GET;;1;;/Student/{resource:id}/v1;;NEGATIVE"
                    ],
                    "duration": 1,
                    "failureMessages": [],
                    "fullName": "student 1 GET;;1;;/Student/{resource:id}/v1;;NEGATIVE--GET;;1;;/Student/{resource:id}/v1;;NEGATIVE 1::GET;;1;;/Student/{resource:id}/v1;;NEGATIVE",
                    "location": null,
                    "numPassingAsserts": 0,
                    "status": "passed",
                    "title": "1::GET;;1;;/Student/{resource:id}/v1;;NEGATIVE"
                },
                {
                    "ancestorTitles": [
                        "student",
                        "1",
                        "GET;;1;;/Student/{resource:id}/v1;;NEGATIVE--DELETE;;0;;/Student/{resource:id};;NEGATIVE"
                    ],
                    "duration": 1,
                    "failureMessages": [],
                    "fullName": "student 1 GET;;1;;/Student/{resource:id}/v1;;NEGATIVE--DELETE;;0;;/Student/{resource:id};;NEGATIVE 0::GET;;1;;/Student/{resource:id}/v1;;NEGATIVE",
                    "location": null,
                    "numPassingAsserts": 0,
                    "status": "passed",
                    "title": "0::GET;;1;;/Student/{resource:id}/v1;;NEGATIVE"
                },
                {
                    "ancestorTitles": [
                        "student",
                        "1",
                        "GET;;1;;/Student/{resource:id}/v1;;NEGATIVE--DELETE;;0;;/Student/{resource:id};;NEGATIVE"
                    ],
                    "duration": 1,
                    "failureMessages": [],
                    "fullName": "student 1 GET;;1;;/Student/{resource:id}/v1;;NEGATIVE--DELETE;;0;;/Student/{resource:id};;NEGATIVE 1::DELETE;;0;;/Student/{resource:id};;NEGATIVE",
                    "location": null,
                    "numPassingAsserts": 0,
                    "status": "passed",
                    "title": "1::DELETE;;0;;/Student/{resource:id};;NEGATIVE"
                },
                {
                    "ancestorTitles": [
                        "student",
                        "1",
                        "GET;;1;;/Student/{resource:id}/v1;;NEGATIVE--DELETE;;1;;/Student/{resource:id}/v4;;NEGATIVE"
                    ],
                    "duration": 1,
                    "failureMessages": [],
                    "fullName": "student 1 GET;;1;;/Student/{resource:id}/v1;;NEGATIVE--DELETE;;1;;/Student/{resource:id}/v4;;NEGATIVE 0::GET;;1;;/Student/{resource:id}/v1;;NEGATIVE",
                    "location": null,
                    "numPassingAsserts": 0,
                    "status": "passed",
                    "title": "0::GET;;1;;/Student/{resource:id}/v1;;NEGATIVE"
                },
                {
                    "ancestorTitles": [
                        "student",
                        "1",
                        "GET;;1;;/Student/{resource:id}/v1;;NEGATIVE--DELETE;;1;;/Student/{resource:id}/v4;;NEGATIVE"
                    ],
                    "duration": 1,
                    "failureMessages": [
                        "Error: Status mismatch: Expected 404,409 got 500\n    at Object.<anonymous> (/home/yash/Desktop/nirikshak/packages/simple-example/__tests__/student/student.test.ts:112:53)\n    at runMicrotasks (<anonymous>)\n    at processTicksAndRejections (internal/process/task_queues.js:97:5)"
                    ],
                    "fullName": "student 1 GET;;1;;/Student/{resource:id}/v1;;NEGATIVE--DELETE;;1;;/Student/{resource:id}/v4;;NEGATIVE 1::DELETE;;1;;/Student/{resource:id}/v4;;NEGATIVE",
                    "location": null,
                    "numPassingAsserts": 0,
                    "status": "failed",
                    "title": "1::DELETE;;1;;/Student/{resource:id}/v4;;NEGATIVE"
                },
                {
                    "ancestorTitles": [
                        "student",
                        "1",
                        "GET;;1;;/Student/{resource:id}/v1;;NEGATIVE--POST;;0;;/Student;;POSITIVE"
                    ],
                    "duration": 1,
                    "failureMessages": [],
                    "fullName": "student 1 GET;;1;;/Student/{resource:id}/v1;;NEGATIVE--POST;;0;;/Student;;POSITIVE 0::GET;;1;;/Student/{resource:id}/v1;;NEGATIVE",
                    "location": null,
                    "numPassingAsserts": 0,
                    "status": "passed",
                    "title": "0::GET;;1;;/Student/{resource:id}/v1;;NEGATIVE"
                },
                {
                    "ancestorTitles": [
                        "student",
                        "1",
                        "GET;;1;;/Student/{resource:id}/v1;;NEGATIVE--POST;;0;;/Student;;POSITIVE"
                    ],
                    "duration": 1,
                    "failureMessages": [
                        "Error: Response bodies did not match\n    at Object.<anonymous> (/home/yash/Desktop/nirikshak/packages/simple-example/__tests__/student/student.test.ts:144:48)\n    at runMicrotasks (<anonymous>)\n    at processTicksAndRejections (internal/process/task_queues.js:97:5)"
                    ],
                    "fullName": "student 1 GET;;1;;/Student/{resource:id}/v1;;NEGATIVE--POST;;0;;/Student;;POSITIVE 1::POST;;0;;/Student;;POSITIVE",
                    "location": null,
                    "numPassingAsserts": 0,
                    "status": "failed",
                    "title": "1::POST;;0;;/Student;;POSITIVE"
                },
                {
                    "ancestorTitles": [
                        "student",
                        "1",
                        "GET;;1;;/Student/{resource:id}/v1;;NEGATIVE--POST;;0;;/Student;;DESTRUCTIVE"
                    ],
                    "duration": 2,
                    "failureMessages": [],
                    "fullName": "student 1 GET;;1;;/Student/{resource:id}/v1;;NEGATIVE--POST;;0;;/Student;;DESTRUCTIVE 0::GET;;1;;/Student/{resource:id}/v1;;NEGATIVE",
                    "location": null,
                    "numPassingAsserts": 0,
                    "status": "passed",
                    "title": "0::GET;;1;;/Student/{resource:id}/v1;;NEGATIVE"
                },
                {
                    "ancestorTitles": [
                        "student",
                        "1",
                        "GET;;1;;/Student/{resource:id}/v1;;NEGATIVE--POST;;0;;/Student;;DESTRUCTIVE"
                    ],
                    "duration": 1,
                    "failureMessages": [
                        "Error: Status mismatch: Expected 400 got 500\n    at Object.<anonymous> (/home/yash/Desktop/nirikshak/packages/simple-example/__tests__/student/student.test.ts:112:53)\n    at runMicrotasks (<anonymous>)\n    at processTicksAndRejections (internal/process/task_queues.js:97:5)"
                    ],
                    "fullName": "student 1 GET;;1;;/Student/{resource:id}/v1;;NEGATIVE--POST;;0;;/Student;;DESTRUCTIVE 1::POST;;0;;/Student;;DESTRUCTIVE",
                    "location": null,
                    "numPassingAsserts": 0,
                    "status": "failed",
                    "title": "1::POST;;0;;/Student;;DESTRUCTIVE"
                },
                {
                    "ancestorTitles": [
                        "student",
                        "1",
                        "GET;;1;;/Student/{resource:id}/v1;;NEGATIVE--POST;;1;;/Student/{resource:id};;POSITIVE"
                    ],
                    "duration": 1,
                    "failureMessages": [],
                    "fullName": "student 1 GET;;1;;/Student/{resource:id}/v1;;NEGATIVE--POST;;1;;/Student/{resource:id};;POSITIVE 0::GET;;1;;/Student/{resource:id}/v1;;NEGATIVE",
                    "location": null,
                    "numPassingAsserts": 0,
                    "status": "passed",
                    "title": "0::GET;;1;;/Student/{resource:id}/v1;;NEGATIVE"
                },
                {
                    "ancestorTitles": [
                        "student",
                        "1",
                        "GET;;1;;/Student/{resource:id}/v1;;NEGATIVE--POST;;1;;/Student/{resource:id};;POSITIVE"
                    ],
                    "duration": 2,
                    "failureMessages": [
                        "Error: Status mismatch: Expected 201 got 200\n    at Object.<anonymous> (/home/yash/Desktop/nirikshak/packages/simple-example/__tests__/student/student.test.ts:112:53)\n    at runMicrotasks (<anonymous>)\n    at processTicksAndRejections (internal/process/task_queues.js:97:5)"
                    ],
                    "fullName": "student 1 GET;;1;;/Student/{resource:id}/v1;;NEGATIVE--POST;;1;;/Student/{resource:id};;POSITIVE 1::POST;;1;;/Student/{resource:id};;POSITIVE",
                    "location": null,
                    "numPassingAsserts": 0,
                    "status": "failed",
                    "title": "1::POST;;1;;/Student/{resource:id};;POSITIVE"
                },
                {
                    "ancestorTitles": [
                        "student",
                        "1",
                        "GET;;1;;/Student/{resource:id}/v1;;NEGATIVE--POST;;1;;/Student/{resource:id};;DESTRUCTIVE"
                    ],
                    "duration": 3,
                    "failureMessages": [],
                    "fullName": "student 1 GET;;1;;/Student/{resource:id}/v1;;NEGATIVE--POST;;1;;/Student/{resource:id};;DESTRUCTIVE 0::GET;;1;;/Student/{resource:id}/v1;;NEGATIVE",
                    "location": null,
                    "numPassingAsserts": 0,
                    "status": "passed",
                    "title": "0::GET;;1;;/Student/{resource:id}/v1;;NEGATIVE"
                },
                {
                    "ancestorTitles": [
                        "student",
                        "1",
                        "GET;;1;;/Student/{resource:id}/v1;;NEGATIVE--POST;;1;;/Student/{resource:id};;DESTRUCTIVE"
                    ],
                    "duration": 1,
                    "failureMessages": [
                        "Error: Status mismatch: Expected 400 got 500\n    at Object.<anonymous> (/home/yash/Desktop/nirikshak/packages/simple-example/__tests__/student/student.test.ts:112:53)\n    at runMicrotasks (<anonymous>)\n    at processTicksAndRejections (internal/process/task_queues.js:97:5)"
                    ],
                    "fullName": "student 1 GET;;1;;/Student/{resource:id}/v1;;NEGATIVE--POST;;1;;/Student/{resource:id};;DESTRUCTIVE 1::POST;;1;;/Student/{resource:id};;DESTRUCTIVE",
                    "location": null,
                    "numPassingAsserts": 0,
                    "status": "failed",
                    "title": "1::POST;;1;;/Student/{resource:id};;DESTRUCTIVE"
                },
                {
                    "ancestorTitles": [
                        "student",
                        "1",
                        "GET;;1;;/Student/{resource:id}/v1;;NEGATIVE--PATCH;;0;;/Student/{resource:id};;NEGATIVE"
                    ],
                    "duration": 1,
                    "failureMessages": [],
                    "fullName": "student 1 GET;;1;;/Student/{resource:id}/v1;;NEGATIVE--PATCH;;0;;/Student/{resource:id};;NEGATIVE 0::GET;;1;;/Student/{resource:id}/v1;;NEGATIVE",
                    "location": null,
                    "numPassingAsserts": 0,
                    "status": "passed",
                    "title": "0::GET;;1;;/Student/{resource:id}/v1;;NEGATIVE"
                },
                {
                    "ancestorTitles": [
                        "student",
                        "1",
                        "GET;;1;;/Student/{resource:id}/v1;;NEGATIVE--PATCH;;0;;/Student/{resource:id};;NEGATIVE"
                    ],
                    "duration": 2,
                    "failureMessages": [
                        "Error: Status mismatch: Expected 404 got 200\n    at Object.<anonymous> (/home/yash/Desktop/nirikshak/packages/simple-example/__tests__/student/student.test.ts:112:53)\n    at runMicrotasks (<anonymous>)\n    at processTicksAndRejections (internal/process/task_queues.js:97:5)"
                    ],
                    "fullName": "student 1 GET;;1;;/Student/{resource:id}/v1;;NEGATIVE--PATCH;;0;;/Student/{resource:id};;NEGATIVE 1::PATCH;;0;;/Student/{resource:id};;NEGATIVE",
                    "location": null,
                    "numPassingAsserts": 0,
                    "status": "failed",
                    "title": "1::PATCH;;0;;/Student/{resource:id};;NEGATIVE"
                },
                {
                    "ancestorTitles": [
                        "student",
                        "1",
                        "GET;;1;;/Student/{resource:id}/v1;;NEGATIVE--PUT;;0;;/Student;;POSITIVE"
                    ],
                    "duration": 3,
[...]
› DELETE;;0;;/Student/{resource:id};;NEGATIVE--POST;;0;;/Student;;DESTRUCTIVE › 1::POST;;0;;/Student;;DESTRUCTIVE\n\n    Status mismatch: Expected 400 got 500\n\n  ● student › 2 › DELETE;;0;;/Student/{resource:id};;NEGATIVE--POST;;1;;/Student/{resource:id};;POSITIVE › 1::POST;;1;;/Student/{resource:id};;POSITIVE\n\n    Status mismatch: Expected 201 got 200\n\n  ● student › 2 › DELETE;;0;;/Student/{resource:id};;NEGATIVE--POST;;1;;/Student/{resource:id};;DESTRUCTIVE › 1::POST;;1;;/Student/{resource:id};;DESTRUCTIVE\n\n    Status mismatch: Expected 400 got 500\n\n  ● student › 2 › DELETE;;0;;/Student/{resource:id};;NEGATIVE--PATCH;;0;;/Student/{resource:id};;NEGATIVE › 1::PATCH;;0;;/Student/{resource:id};;NEGATIVE\n\n    Status mismatch: Expected 404 got 200\n\n  ● student › 2 › DELETE;;0;;/Student/{resource:id};;NEGATIVE--PUT;;1;;/Student/{resource:id};;POSITIVE › 1::PUT;;1;;/Student/{resource:id};;POSITIVE\n\n    Response bodies did not match\n\n  ● student › 2 › DELETE;;1;;/Student/{resource:id}/v4;;POSITIVE--GET;;0;;/Student/{resource:id};;NEGATIVE › 1::GET;;0;;/Student/{resource:id};;NEGATIVE\n\n    Status mismatch: Expected 404 got 400\n\n  ● student › 2 › DELETE;;1;;/Student/{resource:id}/v4;;POSITIVE--DELETE;;1;;/Student/{resource:id}/v4;;NEGATIVE › 1::DELETE;;1;;/Student/{resource:id}/v4;;NEGATIVE\n\n    Status mismatch: Expected 404,409 got 500\n\n  ● student › 2 › DELETE;;1;;/Student/{resource:id}/v4;;POSITIVE--POST;;0;;/Student;;POSITIVE › 1::POST;;0;;/Student;;POSITIVE\n\n    Response bodies did not match\n\n  ● student › 2 › DELETE;;1;;/Student/{resource:id}/v4;;POSITIVE--POST;;0;;/Student;;DESTRUCTIVE › 1::POST;;0;;/Student;;DESTRUCTIVE\n\n    Status mismatch: Expected 400 got 500\n\n  ● student › 2 › DELETE;;1;;/Student/{resource:id}/v4;;POSITIVE--POST;;1;;/Student/{resource:id};;POSITIVE › 1::POST;;1;;/Student/{resource:id};;POSITIVE\n\n    Status mismatch: Expected 201 got 200\n\n  ● student › 2 › DELETE;;1;;/Student/{resource:id}/v4;;POSITIVE--POST;;1;;/Student/{resource:id};;DESTRUCTIVE › 1::POST;;1;;/Student/{resource:id};;DESTRUCTIVE\n\n    Status mismatch: Expected 400 got 500\n\n  ● student › 2 › DELETE;;1;;/Student/{resource:id}/v4;;POSITIVE--PATCH;;0;;/Student/{resource:id};;NEGATIVE › 1::PATCH;;0;;/Student/{resource:id};;NEGATIVE\n\n    Status mismatch: Expected 404 got 200\n\n  ● student › 2 › DELETE;;1;;/Student/{resource:id}/v4;;POSITIVE--PUT;;1;;/Student/{resource:id};;POSITIVE › 1::PUT;;1;;/Student/{resource:id};;POSITIVE\n\n    Response bodies did not match\n\n  ● student › 2 › DELETE;;1;;/Student/{resource:id}/v4;;NEGATIVE--GET;;0;;/Student/{resource:id};;NEGATIVE › 0::DELETE;;1;;/Student/{resource:id}/v4;;NEGATIVE\n\n    Status mismatch: Expected 404,409 got 500\n\n  ● student › 2 › DELETE;;1;;/Student/{resource:id}/v4;;NEGATIVE--GET;;1;;/Student/{resource:id}/v1;;NEGATIVE › 0::DELETE;;1;;/Student/{resource:id}/v4;;NEGATIVE\n\n    Status mismatch: Expected 404,409 got 500\n\n  ● student › 2 › DELETE;;1;;/Student/{resource:id}/v4;;NEGATIVE--DELETE;;0;;/Student/{resource:id};;NEGATIVE › 0::DELETE;;1;;/Student/{resource:id}/v4;;NEGATIVE\n\n    Status mismatch: Expected 404,409 got 500\n\n  ● student › 2 › DELETE;;1;;/Student/{resource:id}/v4;;NEGATIVE--DELETE;;1;;/Student/{resource:id}/v4;;NEGATIVE › 0::DELETE;;1;;/Student/{resource:id}/v4;;NEGATIVE\n\n    Status mismatch: Expected 404,409 got 500\n\n  ● student › 2 › DELETE;;1;;/Student/{resource:id}/v4;;NEGATIVE--POST;;0;;/Student;;POSITIVE › 0::DELETE;;1;;/Student/{resource:id}/v4;;NEGATIVE\n\n    Status mismatch: Expected 404,409 got 500\n\n  ● student › 2 › DELETE;;1;;/Student/{resource:id}/v4;;NEGATIVE--POST;;0;;/Student;;DESTRUCTIVE › 0::DELETE;;1;;/Student/{resource:id}/v4;;NEGATIVE\n\n    Status mismatch: Expected 404,409 got 500\n\n  ● student › 2 › DELETE;;1;;/Student/{resource:id}/v4;;NEGATIVE--POST;;1;;/Student/{resource:id};;POSITIVE › 0::DELETE;;1;;/Student/{resource:id}/v4;;NEGATIVE\n\n    Status mismatch: Expected 404,409 got 500\n\n  ● student › 2 › DELETE;;1;;/Student/{resource:id}/v4;;NEGATIVE--POST;;1;;/Student/{resource:id};;DESTRUCTIVE › 0::DELETE;;1;;/Student/{resource:id}/v4;;NEGATIVE\n\n    Status mismatch: Expected 404,409 got 500\n\n  ● student › 2 › DELETE;;1;;/Student/{resource:id}/v4;;NEGATIVE--PATCH;;0;;/Student/{resource:id};;NEGATIVE › 0::DELETE;;1;;/Student/{resource:id}/v4;;NEGATIVE\n\n    Status mismatch: Expected 404,409 got 500\n\n  ● student › 2 › DELETE;;1;;/Student/{resource:id}/v4;;NEGATIVE--PUT;;0;;/Student;;POSITIVE › 0::DELETE;;1;;/Student/{resource:id}/v4;;NEGATIVE\n\n    Status mismatch: Expected 404,409 got 500\n\n  ● student › 2 › DELETE;;1;;/Student/{resource:id}/v4;;NEGATIVE--PUT;;0;;/Student;;DESTRUCTIVE › 0::DELETE;;1;;/Student/{resource:id}/v4;;NEGATIVE\n\n    Status mismatch: Expected 404,409 got 500\n\n  ● student › 2 › DELETE;;1;;/Student/{resource:id}/v4;;NEGATIVE--PUT;;1;;/Student/{resource:id};;POSITIVE › 0::DELETE;;1;;/Student/{resource:id}/v4;;NEGATIVE\n\n    Status mismatch: Expected 404,409 got 500\n\n  ● student › 2 › DELETE;;1;;/Student/{resource:id}/v4;;NEGATIVE--PUT;;1;;/Student/{resource:id};;DESTRUCTIVE › 0::DELETE;;1;;/Student/{resource:id}/v4;;NEGATIVE\n\n    Status mismatch: Expected 404,409 got 500\n\n  ● student › 2 › POST;;0;;/Student;;POSITIVE--GET;;0;;/Student/{resource:id};;POSITIVE › 0::POST;;0;;/Student;;POSITIVE\n\n    Response bodies did not match\n\n  ● student › 2 › POST;;0;;/Student;;POSITIVE--GET;;1;;/Student/{resource:id}/v1;;POSITIVE › 0::POST;;0;;/Student;;POSITIVE\n\n    Response bodies did not match\n\n  ● student › 2 › POST;;0;;/Student;;POSITIVE--DELETE;;0;;/Student/{resource:id};;POSITIVE › 0::POST;;0;;/Student;;POSITIVE\n\n    Response bodies did not match\n\n  ● student › 2 › POST;;0;;/Student;;POSITIVE--DELETE;;1;;/Student/{resource:id}/v4;;POSITIVE › 0::POST;;0;;/Student;;POSITIVE\n\n    Response bodies did not match\n\n  ● student › 2 › POST;;0;;/Student;;POSITIVE--POST;;0;;/Student;;NEGATIVE › 0::POST;;0;;/Student;;POSITIVE\n\n    Response bodies did not match\n\n  ● student › 2 › POST;;0;;/Student;;POSITIVE--POST;;1;;/Student/{resource:id};;NEGATIVE › 0::POST;;0;;/Student;;POSITIVE\n\n    Response bodies did not match\n\n  ● student › 2 › POST;;0;;/Student;;POSITIVE--PATCH;;0;;/Student/{resource:id};;POSITIVE › 0::POST;;0;;/Student;;POSITIVE\n\n    Response bodies did not match\n\n  ● student › 2 › POST;;0;;/Student;;POSITIVE--PATCH;;0;;/Student/{resource:id};;DESTRUCTIVE › 0::POST;;0;;/Student;;POSITIVE\n\n    Response bodies did not match\n\n  ● student › 2 › POST;;0;;/Student;;POSITIVE--PUT;;0;;/Student;;POSITIVE › 0::POST;;0;;/Student;;POSITIVE\n\n    Response bodies did not match\n\n  ● student › 2 › POST;;0;;/Student;;POSITIVE--PUT;;0;;/Student;;DESTRUCTIVE › 0::POST;;0;;/Student;;POSITIVE\n\n    Response bodies did not match\n\n  ● student › 2 › POST;;0;;/Student;;POSITIVE--PUT;;1;;/Student/{resource:id};;POSITIVE › 0::POST;;0;;/Student;;POSITIVE\n\n    Response bodies did not match\n\n  ● student › 2 › POST;;0;;/Student;;POSITIVE--PUT;;1;;/Student/{resource:id};;DESTRUCTIVE › 0::POST;;0;;/Student;;POSITIVE\n\n    Response bodies did not match\n\n  ● student › 2 › POST;;0;;/Student;;NEGATIVE--GET;;0;;/Student/{resource:id};;POSITIVE › 0::POST;;0;;/Student;;NEGATIVE\n\n    Status mismatch: Expected 409,200,201,202,210 got 400\n\n  ● student › 2 › POST;;0;;/Student;;NEGATIVE--GET;;1;;/Student/{resource:id}/v1;;POSITIVE › 0::POST;;0;;/Student;;NEGATIVE\n\n    Status mismatch: Expected 409,200,201,202,210 got 400\n\n  ● student › 2 › POST;;0;;/Student;;NEGATIVE--DELETE;;0;;/Student/{resource:id};;POSITIVE › 0::POST;;0;;/Student;;NEGATIVE\n\n    Status mismatch: Expected 409,200,201,202,210 got 400\n\n  ● student › 2 › POST;;0;;/Student;;NEGATIVE--DELETE;;1;;/Student/{resource:id}/v4;;POSITIVE › 0::POST;;0;;/Student;;NEGATIVE\n\n    Status mismatch: Expected 409,200,201,202,210 got 400\n\n  ● student › 2 › POST;;0;;/Student;;NEGATIVE--POST;;0;;/Student;;NEGATIVE › 0::POST;;0;;/Student;;NEGATIVE\n\n    Status mismatch: Expected 409,200,201,202,210 got 400\n\n  ● student › 2 › POST;;0;;/Student;;NEGATIVE--POST;;1;;/Student/{resource:id};;NEGATIVE › 0::POST;;0;;/Student;;NEGATIVE\n\n    Status mismatch: Expected 409,200,201,202,210 got 400\n\n  ● student › 2 › POST;;0;;/Student;;NEGATIVE--PATCH;;0;;/Student/{resource:id};;POSITIVE › 0::POST;;0;;/Student;;NEGATIVE\n\n    Status mismatch: Expected 409,200,201,202,210 got 400\n\n  ● student › 2 › POST;;0;;/Student;;NEGATIVE--PATCH;;0;;/Student/{resource:id};;DESTRUCTIVE › 0::POST;;0;;/Student;;NEGATIVE\n\n    Status mismatch: Expected 409,200,201,202,210 got 400\n\n  ● student › 2 › POST;;0;;/Student;;NEGATIVE--PUT;;0;;/Student;;POSITIVE › 0::POST;;0;;/Student;;NEGATIVE\n\n    Status mismatch: Expected 409,200,201,202,210 got 400\n\n  ● student › 2 › POST;;0;;/Student;;NEGATIVE--PUT;;0;;/Student;;DESTRUCTIVE › 0::POST;;0;;/Student;;NEGATIVE\n\n    Status mismatch: Expected 409,200,201,202,210 got 400\n\n  ● student › 2 › POST;;0;;/Student;;NEGATIVE--PUT;;1;;/Student/{resource:id};;POSITIVE › 0::POST;;0;;/Student;;NEGATIVE\n\n    Status mismatch: Expected 409,200,201,202,210 got 400\n\n  ● student › 2 › POST;;0;;/Student;;NEGATIVE--PUT;;1;;/Student/{resource:id};;DESTRUCTIVE › 0::POST;;0;;/Student;;NEGATIVE\n\n    Status mismatch: Expected 409,200,201,202,210 got 400\n\n  ● student › 2 › POST;;0;;/Student;;DESTRUCTIVE › 0::POST;;0;;/Student;;DESTRUCTIVE\n\n    Status mismatch: Expected 400 got 500\n\n  ● student › 2 › POST;;1;;/Student/{resource:id};;POSITIVE--GET;;0;;/Student/{resource:id};;POSITIVE › 0::POST;;1;;/Student/{resource:id};;POSITIVE\n\n    Status mismatch: Expected 201 got 200\n\n  ● student › 2 › POST;;1;;/Student/{resource:id};;POSITIVE--GET;;1;;/Student/{resource:id}/v1;;POSITIVE › 0::POST;;1;;/Student/{resource:id};;POSITIVE\n\n    Status mismatch: Expected 201 got 200\n\n  ● student › 2 › POST;;1;;/Student/{resource:id};;POSITIVE--DELETE;;0;;/Student/{resource:id};;POSITIVE › 0::POST;;1;;/Student/{resource:id};;POSITIVE\n\n    Status mismatch: Expected 201 got 200\n\n  ● student › 2 › POST;;1;;/Student/{resource:id};;POSITIVE--DELETE;;1;;/Student/{resource:id}/v4;;POSITIVE › 0::POST;;1;;/Student/{resource:id};;POSITIVE\n\n    Status mismatch: Expected 201 got 200\n\n  ● student › 2 › POST;;1;;/Student/{resource:id};;POSITIVE--POST;;0;;/Student;;NEGATIVE › 0::POST;;1;;/Student/{resource:id};;POSITIVE\n\n    Status mismatch: Expected 201 got 200\n\n  ● student › 2 › POST;;1;;/Student/{resource:id};;POSITIVE--POST;;1;;/Student/{resource:id};;NEGATIVE › 0::POST;;1;;/Student/{resource:id};;POSITIVE\n\n    Status mismatch: Expected 201 got 200\n\n  ● student › 2 › POST;;1;;/Student/{resource:id};;POSITIVE--PATCH;;0;;/Student/{resource:id};;POSITIVE › 0::POST;;1;;/Student/{resource:id};;POSITIVE\n\n    Status mismatch: Expected 201 got 200\n\n  ● student › 2 › POST;;1;;/Student/{resource:id};;POSITIVE--PATCH;;0;;/Student/{resource:id};;DESTRUCTIVE › 0::POST;;1;;/Student/{resource:id};;POSITIVE\n\n    Status mismatch: Expected 201 got 200\n\n  ● student › 2 › POST;;1;;/Student/{resource:id};;POSITIVE--PUT;;0;;/Student;;POSITIVE › 0::POST;;1;;/Student/{resource:id};;POSITIVE\n\n    Status mismatch: Expected 201 got 200\n\n  ● student › 2 › POST;;1;;/Student/{resource:id};;POSITIVE--PUT;;0;;/Student;;DESTRUCTIVE › 0::POST;;1;;/Student/{resource:id};;POSITIVE\n\n    Status mismatch: Expected 201 got 200\n\n  ● student › 2 › POST;;1;;/Student/{resource:id};;POSITIVE--PUT;;1;;/Student/{resource:id};;POSITIVE › 0::POST;;1;;/Student/{resource:id};;POSITIVE\n\n    Status mismatch: Expected 201 got 200\n\n  ● student › 2 › POST;;1;;/Student/{resource:id};;POSITIVE--PUT;;1;;/Student/{resource:id};;DESTRUCTIVE › 0::POST;;1;;/Student/{resource:id};;POSITIVE\n\n    Status mismatch: Expected 201 got 200\n\n  ● student › 2 › POST;;1;;/Student/{resource:id};;NEGATIVE--GET;;1;;/Student/{resource:id}/v1;;POSITIVE › 1::GET;;1;;/Student/{resource:id}/v1;;POSITIVE\n\n    Status mismatch: Expected 200,500 got 201\n\n  ● student › 2 › POST;;1;;/Student/{resource:id};;NEGATIVE--DELETE;;0;;/Student/{resource:id};;POSITIVE › 1::DELETE;;0;;/Student/{resource:id};;POSITIVE\n\n    Response bodies did not match\n\n  ● student › 2 › POST;;1;;/Student/{resource:id};;NEGATIVE--POST;;0;;/Student;;NEGATIVE › 1::POST;;0;;/Student;;NEGATIVE\n\n    Status mismatch: Expected 409,200,201,202,210 got 400\n\n  ● student › 2 › POST;;1;;/Student/{resource:id};;NEGATIVE--PATCH;;0;;/Student/{resource:id};;DESTRUCTIVE › 1::PATCH;;0;;/Student/{resource:id};;DESTRUCTIVE\n\n    Status mismatch: Expected 400 got 500\n\n  ● student › 2 › POST;;1;;/Student/{resource:id};;NEGATIVE--PUT;;1;;/Student/{resource:id};;POSITIVE › 1::PUT;;1;;/Student/{resource:id};;POSITIVE\n\n    Response bodies did not match\n\n  ● student › 2 › POST;;1;;/Student/{resource:id};;DESTRUCTIVE › 0::POST;;1;;/Student/{resource:id};;DESTRUCTIVE\n\n    Status mismatch: Expected 400 got 500\n\n  ● student › 2 › PATCH;;0;;/Student/{resource:id};;POSITIVE--GET;;1;;/Student/{resource:id}/v1;;POSITIVE › 1::GET;;1;;/Student/{resource:id}/v1;;POSITIVE\n\n    Status mismatch: Expected 200,500 got 201\n\n  ● student › 2 › PATCH;;0;;/Student/{resource:id};;POSITIVE--DELETE;;0;;/Student/{resource:id};;POSITIVE › 1::DELETE;;0;;/Student/{resource:id};;POSITIVE\n\n    Response bodies did not match\n\n  ● student › 2 › PATCH;;0;;/Student/{resource:id};;POSITIVE--POST;;0;;/Student;;NEGATIVE › 1::POST;;0;;/Student;;NEGATIVE\n\n    Status mismatch: Expected 409,200,201,202,210 got 400\n\n  ● student › 2 › PATCH;;0;;/Student/{resource:id};;POSITIVE--PATCH;;0;;/Student/{resource:id};;DESTRUCTIVE › 1::PATCH;;0;;/Student/{resource:id};;DESTRUCTIVE\n\n    Status mismatch: Expected 400 got 500\n\n  ● student › 2 › PATCH;;0;;/Student/{resource:id};;POSITIVE--PUT;;1;;/Student/{resource:id};;POSITIVE › 1::PUT;;1;;/Student/{resource:id};;POSITIVE\n\n    Response bodies did not match\n\n  ● student › 2 › PATCH;;0;;/Student/{resource:id};;NEGATIVE--GET;;0;;/Student/{resource:id};;NEGATIVE › 0::PATCH;;0;;/Student/{resource:id};;NEGATIVE\n\n    Status mismatch: Expected 404 got 200\n\n  ● student › 2 › PATCH;;0;;/Student/{resource:id};;NEGATIVE--GET;;1;;/Student/{resource:id}/v1;;NEGATIVE › 0::PATCH;;0;;/Student/{resource:id};;NEGATIVE\n\n    Status mismatch: Expected 404 got 200\n\n  ● student › 2 › PATCH;;0;;/Student/{resource:id};;NEGATIVE--DELETE;;0;;/Student/{resource:id};;NEGATIVE › 0::PATCH;;0;;/Student/{resource:id};;NEGATIVE\n\n    Status mismatch: Expected 404 got 200\n\n  ● student › 2 › PATCH;;0;;/Student/{resource:id};;NEGATIVE--DELETE;;1;;/Student/{resource:id}/v4;;NEGATIVE › 0::PATCH;;0;;/Student/{resource:id};;NEGATIVE\n\n    Status mismatch: Expected 404 got 200\n\n  ● student › 2 › PATCH;;0;;/Student/{resource:id};;NEGATIVE--POST;;0;;/Student;;POSITIVE › 0::PATCH;;0;;/Student/{resource:id};;NEGATIVE\n\n    Status mismatch: Expected 404 got 200\n\n  ● student › 2 › PATCH;;0;;/Student/{resource:id};;NEGATIVE--POST;;0;;/Student;;DESTRUCTIVE › 0::PATCH;;0;;/Student/{resource:id};;NEGATIVE\n\n    Status mismatch: Expected 404 got 200\n\n  ● student › 2 › PATCH;;0;;/Student/{resource:id};;NEGATIVE--POST;;1;;/Student/{resource:id};;POSITIVE › 0::PATCH;;0;;/Student/{resource:id};;NEGATIVE\n\n    Status mismatch: Expected 404 got 200\n\n  ● student › 2 › PATCH;;0;;/Student/{resource:id};;NEGATIVE--POST;;1;;/Student/{resource:id};;DESTRUCTIVE › 0::PATCH;;0;;/Student/{resource:id};;NEGATIVE\n\n    Status mismatch: Expected 404 got 200\n\n  ● student › 2 › PATCH;;0;;/Student/{resource:id};;NEGATIVE--PATCH;;0;;/Student/{resource:id};;NEGATIVE › 0::PATCH;;0;;/Student/{resource:id};;NEGATIVE\n\n    Status mismatch: Expected 404 got 200\n\n  ● student › 2 › PATCH;;0;;/Student/{resource:id};;NEGATIVE--PUT;;0;;/Student;;POSITIVE › 0::PATCH;;0;;/Student/{resource:id};;NEGATIVE\n\n    Status mismatch: Expected 404 got 200\n\n  ● student › 2 › PATCH;;0;;/Student/{resource:id};;NEGATIVE--PUT;;0;;/Student;;DESTRUCTIVE › 0::PATCH;;0;;/Student/{resource:id};;NEGATIVE\n\n    Status mismatch: Expected 404 got 200\n\n  ● student › 2 › PATCH;;0;;/Student/{resource:id};;NEGATIVE--PUT;;1;;/Student/{resource:id};;POSITIVE › 0::PATCH;;0;;/Student/{resource:id};;NEGATIVE\n\n    Status mismatch: Expected 404 got 200\n\n  ● student › 2 › PATCH;;0;;/Student/{resource:id};;NEGATIVE--PUT;;1;;/Student/{resource:id};;DESTRUCTIVE › 0::PATCH;;0;;/Student/{resource:id};;NEGATIVE\n\n    Status mismatch: Expected 404 got 200\n\n  ● student › 2 › PATCH;;0;;/Student/{resource:id};;DESTRUCTIVE › 0::PATCH;;0;;/Student/{resource:id};;DESTRUCTIVE\n\n    Status mismatch: Expected 400 got 500\n\n  ● student › 2 › PUT;;0;;/Student;;POSITIVE--GET;;1;;/Student/{resource:id}/v1;;POSITIVE › 1::GET;;1;;/Student/{resource:id}/v1;;POSITIVE\n\n    Status mismatch: Expected 200,500 got 201\n\n  ● student › 2 › PUT;;0;;/Student;;POSITIVE--DELETE;;0;;/Student/{resource:id};;POSITIVE › 1::DELETE;;0;;/Student/{resource:id};;POSITIVE\n\n    Response bodies did not match\n\n  ● student › 2 › PUT;;0;;/Student;;POSITIVE--POST;;0;;/Student;;NEGATIVE › 1::POST;;0;;/Student;;NEGATIVE\n\n    Status mismatch: Expected 409,200,201,202,210 got 400\n\n  ● student › 2 › PUT;;0;;/Student;;POSITIVE--PATCH;;0;;/Student/{resource:id};;DESTRUCTIVE › 1::PATCH;;0;;/Student/{resource:id};;DESTRUCTIVE\n\n    Status mismatch: Expected 400 got 500\n\n  ● student › 2 › PUT;;0;;/Student;;POSITIVE--PUT;;1;;/Student/{resource:id};;POSITIVE › 1::PUT;;1;;/Student/{resource:id};;POSITIVE\n\n    Response bodies did not match\n\n  ● student › 2 › PUT;;1;;/Student/{resource:id};;POSITIVE--GET;;0;;/Student/{resource:id};;POSITIVE › 0::PUT;;1;;/Student/{resource:id};;POSITIVE\n\n    Response bodies did not match\n\n  ● student › 2 › PUT;;1;;/Student/{resource:id};;POSITIVE--GET;;1;;/Student/{resource:id}/v1;;POSITIVE › 0::PUT;;1;;/Student/{resource:id};;POSITIVE\n\n    Response bodies did not match\n\n  ● student › 2 › PUT;;1;;/Student/{resource:id};;POSITIVE--DELETE;;0;;/Student/{resource:id};;POSITIVE › 0::PUT;;1;;/Student/{resource:id};;POSITIVE\n\n    Response bodies did not match\n\n  ● student › 2 › PUT;;1;;/Student/{resource:id};;POSITIVE--DELETE;;1;;/Student/{resource:id}/v4;;POSITIVE › 0::PUT;;1;;/Student/{resource:id};;POSITIVE\n\n    Response bodies did not match\n\n  ● student › 2 › PUT;;1;;/Student/{resource:id};;POSITIVE--POST;;0;;/Student;;NEGATIVE › 0::PUT;;1;;/Student/{resource:id};;POSITIVE\n\n    Response bodies did not match\n\n  ● student › 2 › PUT;;1;;/Student/{resource:id};;POSITIVE--POST;;1;;/Student/{resource:id};;NEGATIVE › 0::PUT;;1;;/Student/{resource:id};;POSITIVE\n\n    Response bodies did not match\n\n  ● student › 2 › PUT;;1;;/Student/{resource:id};;POSITIVE--PATCH;;0;;/Student/{resource:id};;POSITIVE › 0::PUT;;1;;/Student/{resource:id};;POSITIVE\n\n    Response bodies did not match\n\n  ● student › 2 › PUT;;1;;/Student/{resource:id};;POSITIVE--PATCH;;0;;/Student/{resource:id};;DESTRUCTIVE › 0::PUT;;1;;/Student/{resource:id};;POSITIVE\n\n    Response bodies did not match\n\n  ● student › 2 › PUT;;1;;/Student/{resource:id};;POSITIVE--PUT;;0;;/Student;;POSITIVE › 0::PUT;;1;;/Student/{resource:id};;POSITIVE\n\n    Response bodies did not match\n\n  ● student › 2 › PUT;;1;;/Student/{resource:id};;POSITIVE--PUT;;0;;/Student;;DESTRUCTIVE › 0::PUT;;1;;/Student/{resource:id};;POSITIVE\n\n    Response bodies did not match\n\n  ● student › 2 › PUT;;1;;/Student/{resource:id};;POSITIVE--PUT;;1;;/Student/{resource:id};;POSITIVE › 0::PUT;;1;;/Student/{resource:id};;POSITIVE\n\n    Response bodies did not match\n\n  ● student › 2 › PUT;;1;;/Student/{resource:id};;POSITIVE--PUT;;1;;/Student/{resource:id};;DESTRUCTIVE › 0::PUT;;1;;/Student/{resource:id};;POSITIVE\n\n    Response bodies did not match\n",
            "displayName": {
                "color": "white",
                "name": "student"
            }
        }
    ],
    "wasInterrupted": false
}
